<?xml version="1.0" encoding="UTF-8" ?>
<testsuite errors="184" failures="0" hostname="DESKTOP-SEGVEFP" name="es.uvigo.esei.dai.hybridserver.HybridServerSecondReleaseTestSuite" skipped="0" tests="238" time="27.5" timestamp="2016-06-27T17:21:59">
  <properties>
[...]
</properties>
  <testcase classname="es.uvigo.esei.dai.hybridserver.week1.WelcomePageTest" name="testMultipleWelcome" time="0.42" />
  <testcase classname="es.uvigo.esei.dai.hybridserver.week1.WelcomePageTest" name="testWelcome" time="0.008" />
  <testcase classname="es.uvigo.esei.dai.hybridserver.week1.HTTPBadRequestsTest" name="test[Missing method]" time="0.001" />
  <testcase classname="es.uvigo.esei.dai.hybridserver.week1.HTTPBadRequestsTest" name="test[Missing resource]" time="0.001" />
  <testcase classname="es.uvigo.esei.dai.hybridserver.week1.HTTPBadRequestsTest" name="test[Missing version]" time="0.001" />
  <testcase classname="es.uvigo.esei.dai.hybridserver.week1.HTTPBadRequestsTest" name="test[Missing first line]" time="0.001" />
  <testcase classname="es.uvigo.esei.dai.hybridserver.week1.HTTPBadRequestsTest" name="test[Invalid header]" time="0.0" />
  <testcase classname="es.uvigo.esei.dai.hybridserver.week1.HTTPBadRequestsTest" name="test[Missing new line after header]" time="0.0" />
  <testcase classname="es.uvigo.esei.dai.hybridserver.week1.HTTPRequestGETRootTest" name="testGetResourceChain" time="0.0" />
  <testcase classname="es.uvigo.esei.dai.hybridserver.week1.HTTPRequestGETRootTest" name="testToString" time="0.0" />
  <testcase classname="es.uvigo.esei.dai.hybridserver.week1.HTTPRequestGETRootTest" name="testGetHttpVersion" time="0.001" />
  <testcase classname="es.uvigo.esei.dai.hybridserver.week1.HTTPRequestGETRootTest" name="testGetHeaderParameters" time="0.0" />
  <testcase classname="es.uvigo.esei.dai.hybridserver.week1.HTTPRequestGETRootTest" name="testGetResourceName" time="0.0" />
  <testcase classname="es.uvigo.esei.dai.hybridserver.week1.HTTPRequestGETRootTest" name="testGetResourcePath" time="0.001" />
  <testcase classname="es.uvigo.esei.dai.hybridserver.week1.HTTPRequestGETRootTest" name="testGetContent" time="0.0" />
  <testcase classname="es.uvigo.esei.dai.hybridserver.week1.HTTPRequestGETRootTest" name="testGetMethod" time="0.0" />
  <testcase classname="es.uvigo.esei.dai.hybridserver.week1.HTTPRequestGETRootTest" name="testGetContentLength" time="0.0" />
  <testcase classname="es.uvigo.esei.dai.hybridserver.week1.HTTPRequestGETRootTest" name="testGetResourceParameters" time="0.001" />
  <testcase classname="es.uvigo.esei.dai.hybridserver.week1.HTTPRequestGETResourceTest" name="testGetResourceChain" time="0.0" />
  <testcase classname="es.uvigo.esei.dai.hybridserver.week1.HTTPRequestGETResourceTest" name="testToString" time="0.0" />
  <testcase classname="es.uvigo.esei.dai.hybridserver.week1.HTTPRequestGETResourceTest" name="testGetHttpVersion" time="0.0" />
  <testcase classname="es.uvigo.esei.dai.hybridserver.week1.HTTPRequestGETResourceTest" name="testGetHeaderParameters" time="0.0" />
  <testcase classname="es.uvigo.esei.dai.hybridserver.week1.HTTPRequestGETResourceTest" name="testGetResourceName" time="0.001" />
  <testcase classname="es.uvigo.esei.dai.hybridserver.week1.HTTPRequestGETResourceTest" name="testGetResourcePath" time="0.0" />
  <testcase classname="es.uvigo.esei.dai.hybridserver.week1.HTTPRequestGETResourceTest" name="testGetContent" time="0.0" />
  <testcase classname="es.uvigo.esei.dai.hybridserver.week1.HTTPRequestGETResourceTest" name="testGetMethod" time="0.0" />
  <testcase classname="es.uvigo.esei.dai.hybridserver.week1.HTTPRequestGETResourceTest" name="testGetContentLength" time="0.001" />
  <testcase classname="es.uvigo.esei.dai.hybridserver.week1.HTTPRequestGETResourceTest" name="testGetResourceParameters" time="0.0" />
  <testcase classname="es.uvigo.esei.dai.hybridserver.week1.HTTPRequestGETResourcesTest" name="testGetResourceChain" time="0.0" />
  <testcase classname="es.uvigo.esei.dai.hybridserver.week1.HTTPRequestGETResourcesTest" name="testToString" time="0.0" />
  <testcase classname="es.uvigo.esei.dai.hybridserver.week1.HTTPRequestGETResourcesTest" name="testGetHttpVersion" time="0.0" />
  <testcase classname="es.uvigo.esei.dai.hybridserver.week1.HTTPRequestGETResourcesTest" name="testGetHeaderParameters" time="0.001" />
  <testcase classname="es.uvigo.esei.dai.hybridserver.week1.HTTPRequestGETResourcesTest" name="testGetResourceName" time="0.0" />
  <testcase classname="es.uvigo.esei.dai.hybridserver.week1.HTTPRequestGETResourcesTest" name="testGetResourcePath" time="0.0" />
  <testcase classname="es.uvigo.esei.dai.hybridserver.week1.HTTPRequestGETResourcesTest" name="testGetContent" time="0.0" />
  <testcase classname="es.uvigo.esei.dai.hybridserver.week1.HTTPRequestGETResourcesTest" name="testGetMethod" time="0.0" />
  <testcase classname="es.uvigo.esei.dai.hybridserver.week1.HTTPRequestGETResourcesTest" name="testGetContentLength" time="0.001" />
  <testcase classname="es.uvigo.esei.dai.hybridserver.week1.HTTPRequestGETResourcesTest" name="testGetResourceParameters" time="0.0" />
  <testcase classname="es.uvigo.esei.dai.hybridserver.week1.HTTPRequestGETParametersTest" name="testGetResourceChain" time="0.0" />
  <testcase classname="es.uvigo.esei.dai.hybridserver.week1.HTTPRequestGETParametersTest" name="testToString" time="0.0" />
  <testcase classname="es.uvigo.esei.dai.hybridserver.week1.HTTPRequestGETParametersTest" name="testGetHttpVersion" time="0.0" />
  <testcase classname="es.uvigo.esei.dai.hybridserver.week1.HTTPRequestGETParametersTest" name="testGetHeaderParameters" time="0.0" />
  <testcase classname="es.uvigo.esei.dai.hybridserver.week1.HTTPRequestGETParametersTest" name="testGetResourceName" time="0.001" />
  <testcase classname="es.uvigo.esei.dai.hybridserver.week1.HTTPRequestGETParametersTest" name="testGetResourcePath" time="0.0" />
  <testcase classname="es.uvigo.esei.dai.hybridserver.week1.HTTPRequestGETParametersTest" name="testGetContent" time="0.0" />
  <testcase classname="es.uvigo.esei.dai.hybridserver.week1.HTTPRequestGETParametersTest" name="testGetMethod" time="0.001" />
  <testcase classname="es.uvigo.esei.dai.hybridserver.week1.HTTPRequestGETParametersTest" name="testGetContentLength" time="0.001" />
  <testcase classname="es.uvigo.esei.dai.hybridserver.week1.HTTPRequestGETParametersTest" name="testGetResourceParameters" time="0.0" />
  <testcase classname="es.uvigo.esei.dai.hybridserver.week1.HTTPRequestPOSTOneParameterTest" name="testGetResourceChain" time="0.0" />
  <testcase classname="es.uvigo.esei.dai.hybridserver.week1.HTTPRequestPOSTOneParameterTest" name="testToString" time="0.0" />
  <testcase classname="es.uvigo.esei.dai.hybridserver.week1.HTTPRequestPOSTOneParameterTest" name="testGetHttpVersion" time="0.0" />
  <testcase classname="es.uvigo.esei.dai.hybridserver.week1.HTTPRequestPOSTOneParameterTest" name="testGetHeaderParameters" time="0.001" />
  <testcase classname="es.uvigo.esei.dai.hybridserver.week1.HTTPRequestPOSTOneParameterTest" name="testGetResourceName" time="0.0" />
  <testcase classname="es.uvigo.esei.dai.hybridserver.week1.HTTPRequestPOSTOneParameterTest" name="testGetResourcePath" time="0.0" />
  <testcase classname="es.uvigo.esei.dai.hybridserver.week1.HTTPRequestPOSTOneParameterTest" name="testGetContent" time="0.0" />
  <testcase classname="es.uvigo.esei.dai.hybridserver.week1.HTTPRequestPOSTOneParameterTest" name="testGetMethod" time="0.0" />
  <testcase classname="es.uvigo.esei.dai.hybridserver.week1.HTTPRequestPOSTOneParameterTest" name="testGetContentLength" time="0.0" />
  <testcase classname="es.uvigo.esei.dai.hybridserver.week1.HTTPRequestPOSTOneParameterTest" name="testGetResourceParameters" time="0.001" />
  <testcase classname="es.uvigo.esei.dai.hybridserver.week1.HTTPRequestPOSTMultipleParametersTest" name="testGetResourceChain" time="0.001" />
  <testcase classname="es.uvigo.esei.dai.hybridserver.week1.HTTPRequestPOSTMultipleParametersTest" name="testToString" time="0.0" />
  <testcase classname="es.uvigo.esei.dai.hybridserver.week1.HTTPRequestPOSTMultipleParametersTest" name="testGetHttpVersion" time="0.0" />
  <testcase classname="es.uvigo.esei.dai.hybridserver.week1.HTTPRequestPOSTMultipleParametersTest" name="testGetHeaderParameters" time="0.0" />
  <testcase classname="es.uvigo.esei.dai.hybridserver.week1.HTTPRequestPOSTMultipleParametersTest" name="testGetResourceName" time="0.0" />
  <testcase classname="es.uvigo.esei.dai.hybridserver.week1.HTTPRequestPOSTMultipleParametersTest" name="testGetResourcePath" time="0.0" />
  <testcase classname="es.uvigo.esei.dai.hybridserver.week1.HTTPRequestPOSTMultipleParametersTest" name="testGetContent" time="0.0" />
  <testcase classname="es.uvigo.esei.dai.hybridserver.week1.HTTPRequestPOSTMultipleParametersTest" name="testGetMethod" time="0.001" />
  <testcase classname="es.uvigo.esei.dai.hybridserver.week1.HTTPRequestPOSTMultipleParametersTest" name="testGetContentLength" time="0.0" />
  <testcase classname="es.uvigo.esei.dai.hybridserver.week1.HTTPRequestPOSTMultipleParametersTest" name="testGetResourceParameters" time="0.0" />
  <testcase classname="es.uvigo.esei.dai.hybridserver.week1.HTTPRequestPOSTEncodedTest" name="testGetResourceChain" time="0.0" />
  <testcase classname="es.uvigo.esei.dai.hybridserver.week1.HTTPRequestPOSTEncodedTest" name="testToString" time="0.0" />
  <testcase classname="es.uvigo.esei.dai.hybridserver.week1.HTTPRequestPOSTEncodedTest" name="testGetHttpVersion" time="0.001" />
  <testcase classname="es.uvigo.esei.dai.hybridserver.week1.HTTPRequestPOSTEncodedTest" name="testGetHeaderParameters" time="0.0" />
  <testcase classname="es.uvigo.esei.dai.hybridserver.week1.HTTPRequestPOSTEncodedTest" name="testGetResourceName" time="0.0" />
  <testcase classname="es.uvigo.esei.dai.hybridserver.week1.HTTPRequestPOSTEncodedTest" name="testGetResourcePath" time="0.0" />
  <testcase classname="es.uvigo.esei.dai.hybridserver.week1.HTTPRequestPOSTEncodedTest" name="testGetContent" time="0.001" />
  <testcase classname="es.uvigo.esei.dai.hybridserver.week1.HTTPRequestPOSTEncodedTest" name="testGetMethod" time="0.0" />
  <testcase classname="es.uvigo.esei.dai.hybridserver.week1.HTTPRequestPOSTEncodedTest" name="testGetContentLength" time="0.0" />
  <testcase classname="es.uvigo.esei.dai.hybridserver.week1.HTTPRequestPOSTEncodedTest" name="testGetResourceParameters" time="0.0" />
  <testcase classname="es.uvigo.esei.dai.hybridserver.week1.HTTPResponseNoContentTest" name="testPrint" time="0.001" />
  <testcase classname="es.uvigo.esei.dai.hybridserver.week1.HTTPResponseNoContentWithHeadersTest" name="testPrint" time="0.001" />
  <testcase classname="es.uvigo.esei.dai.hybridserver.week1.HTTPResponseTest" name="testPrint" time="0.0" />
  <testcase classname="es.uvigo.esei.dai.hybridserver.week1.HTTPResponseWithHeadersTest" name="testPrint" time="0.0" />
  <testcase classname="es.uvigo.esei.dai.hybridserver.week3.CustomPortTest" name="testMultipleWelcome[0]" time="0.313" />
  <testcase classname="es.uvigo.esei.dai.hybridserver.week3.CustomPortTest" name="testWelcome[0]" time="0.01" />
  <testcase classname="es.uvigo.esei.dai.hybridserver.week3.CustomPortTest" name="testMultipleWelcome[1]" time="0.091" />
  <testcase classname="es.uvigo.esei.dai.hybridserver.week3.CustomPortTest" name="testWelcome[1]" time="0.011" />
  <testcase classname="es.uvigo.esei.dai.hybridserver.week3.CustomPortTest" name="testMultipleWelcome[2]" time="0.105" />
  <testcase classname="es.uvigo.esei.dai.hybridserver.week3.CustomPortTest" name="testWelcome[2]" time="0.009" />
  <testcase classname="es.uvigo.esei.dai.hybridserver.week3.CustomPortTest" name="testMultipleWelcome[3]" time="0.074" />
  <testcase classname="es.uvigo.esei.dai.hybridserver.week3.CustomPortTest" name="testWelcome[3]" time="0.008" />
  <testcase classname="es.uvigo.esei.dai.hybridserver.week3.CustomPortTest" name="testMultipleWelcome[4]" time="0.072" />
  <testcase classname="es.uvigo.esei.dai.hybridserver.week3.CustomPortTest" name="testWelcome[4]" time="0.009" />
  <testcase classname="es.uvigo.esei.dai.hybridserver.week3.CustomPortTest" name="testMultipleWelcome[5]" time="0.087" />
  <testcase classname="es.uvigo.esei.dai.hybridserver.week3.CustomPortTest" name="testWelcome[5]" time="0.008" />
  <testcase classname="es.uvigo.esei.dai.hybridserver.week3.CustomPortTest" name="testMultipleWelcome[6]" time="0.074" />
  <testcase classname="es.uvigo.esei.dai.hybridserver.week3.CustomPortTest" name="testWelcome[6]" time="0.008" />
  <testcase classname="es.uvigo.esei.dai.hybridserver.week3.CustomPortTest" name="testMultipleWelcome[7]" time="0.073" />
  <testcase classname="es.uvigo.esei.dai.hybridserver.week3.CustomPortTest" name="testWelcome[7]" time="0.009" />
  <testcase classname="es.uvigo.esei.dai.hybridserver.week3.CustomPortTest" name="testMultipleWelcome[8]" time="0.071" />
  <testcase classname="es.uvigo.esei.dai.hybridserver.week3.CustomPortTest" name="testWelcome[8]" time="0.009" />
  <testcase classname="es.uvigo.esei.dai.hybridserver.week3.CustomPortTest" name="testMultipleWelcome[9]" time="0.073" />
  <testcase classname="es.uvigo.esei.dai.hybridserver.week3.CustomPortTest" name="testWelcome[9]" time="0.008" />
  <testcase classname="es.uvigo.esei.dai.hybridserver.week3.ClientRequestsWithDatabaseTest" name="testPostInvalidContent" time="0.556" />
  <testcase classname="es.uvigo.esei.dai.hybridserver.week3.ClientRequestsWithDatabaseTest" name="testPost" time="0.566" />
  <testcase classname="es.uvigo.esei.dai.hybridserver.week3.ClientRequestsWithDatabaseTest" name="testGetInvalidHtmlPage" time="0.422" />
  <testcase classname="es.uvigo.esei.dai.hybridserver.week3.ClientRequestsWithDatabaseTest" name="testGetHtmlList" time="0.401" />
  <testcase classname="es.uvigo.esei.dai.hybridserver.week3.ClientRequestsWithDatabaseTest" name="testDelete" time="0.493" />
  <testcase classname="es.uvigo.esei.dai.hybridserver.week3.ClientRequestsWithDatabaseTest" name="testDeleteNonexistentPage" time="0.435" />
  <testcase classname="es.uvigo.esei.dai.hybridserver.week7.HTMLClientRequestsWithDatabaseTest" name="testGet" time="0.688" />
  <testcase classname="es.uvigo.esei.dai.hybridserver.week7.HTMLClientRequestsWithDatabaseTest" name="testPost" time="0.81" />
  <testcase classname="es.uvigo.esei.dai.hybridserver.week7.HTMLClientRequestsWithDatabaseTest" name="testGetList" time="0.736" />
  <testcase classname="es.uvigo.esei.dai.hybridserver.week7.HTMLClientRequestsWithDatabaseTest" name="testDelete" time="0.613" />
  <testcase classname="es.uvigo.esei.dai.hybridserver.week7.HTMLClientRequestsWithDatabaseTest" name="testDeleteNonexistentPage" time="0.648" />
  <testcase classname="es.uvigo.esei.dai.hybridserver.week7.HTMLClientRequestsWithDatabaseTest" name="testGetInvalidPage" time="0.631" />
  <testcase classname="es.uvigo.esei.dai.hybridserver.week7.XMLClientRequestsWithDatabaseTest" name="testGet" time="0.596" />
  <testcase classname="es.uvigo.esei.dai.hybridserver.week7.XMLClientRequestsWithDatabaseTest" name="testPost" time="0.614" />
  <testcase classname="es.uvigo.esei.dai.hybridserver.week7.XMLClientRequestsWithDatabaseTest" name="testGetList" time="0.603" />
  <testcase classname="es.uvigo.esei.dai.hybridserver.week7.XMLClientRequestsWithDatabaseTest" name="testDelete" time="0.601" />
  <testcase classname="es.uvigo.esei.dai.hybridserver.week7.XMLClientRequestsWithDatabaseTest" name="testDeleteNonexistentPage" time="0.636" />
  <testcase classname="es.uvigo.esei.dai.hybridserver.week7.XMLClientRequestsWithDatabaseTest" name="testGetInvalidPage" time="0.554" />
  <testcase classname="es.uvigo.esei.dai.hybridserver.week7.XSDClientRequestsWithDatabaseTest" name="testGet" time="0.598" />
  <testcase classname="es.uvigo.esei.dai.hybridserver.week7.XSDClientRequestsWithDatabaseTest" name="testPost" time="0.667" />
  <testcase classname="es.uvigo.esei.dai.hybridserver.week7.XSDClientRequestsWithDatabaseTest" name="testGetList" time="0.641" />
  <testcase classname="es.uvigo.esei.dai.hybridserver.week7.XSDClientRequestsWithDatabaseTest" name="testDelete" time="0.665" />
  <testcase classname="es.uvigo.esei.dai.hybridserver.week7.XSDClientRequestsWithDatabaseTest" name="testDeleteNonexistentPage" time="0.693" />
  <testcase classname="es.uvigo.esei.dai.hybridserver.week7.XSDClientRequestsWithDatabaseTest" name="testGetInvalidPage" time="0.588" />
  <testcase classname="es.uvigo.esei.dai.hybridserver.week7.XSLTClientRequestsWithDatabaseTest" name="testPostWithBadXSD" time="0.586" />
  <testcase classname="es.uvigo.esei.dai.hybridserver.week7.XSLTClientRequestsWithDatabaseTest" name="testPost" time="0.888" />
  <testcase classname="es.uvigo.esei.dai.hybridserver.week7.XSLTClientRequestsWithDatabaseTest" name="testPostWithoutXSD" time="0.682" />
  <testcase classname="es.uvigo.esei.dai.hybridserver.week7.XSLTClientRequestsWithDatabaseTest" name="testGet" time="0.694" />
  <testcase classname="es.uvigo.esei.dai.hybridserver.week7.XSLTClientRequestsWithDatabaseTest" name="testGetList" time="0.645" />
  <testcase classname="es.uvigo.esei.dai.hybridserver.week7.XSLTClientRequestsWithDatabaseTest" name="testDelete" time="0.689" />
  <testcase classname="es.uvigo.esei.dai.hybridserver.week7.XSLTClientRequestsWithDatabaseTest" name="testDeleteNonexistentPage" time="0.626" />
  <testcase classname="es.uvigo.esei.dai.hybridserver.week7.XSLTClientRequestsWithDatabaseTest" name="testGetInvalidPage" time="0.553" />
  <testcase classname="es.uvigo.esei.dai.hybridserver.week9.ConvertedXMLTest" name="testInvalidXSLT" time="0.657" />
  <testcase classname="es.uvigo.esei.dai.hybridserver.week9.ConvertedXMLTest" name="testSimpleGet" time="0.613" />
  <testcase classname="es.uvigo.esei.dai.hybridserver.week9.ConvertedXMLTest" name="testInexistantXSLT" time="0.575" />
  <testcase classname="es.uvigo.esei.dai.hybridserver.week9.ConvertedXMLTest" name="testConvertedGet" time="0.729" />
  <testcase classname="es.uvigo.esei.dai.hybridserver.week9.InvalidConvertedXMLTest" name="testSimpleGet" time="0.579" />
  <testcase classname="es.uvigo.esei.dai.hybridserver.week9.InvalidConvertedXMLTest" name="testConvertedGet" time="0.677" />
  <testcase classname="es.uvigo.esei.dai.hybridserver.week9.InvalidXMLConfigurationLoaderTest" name="testLoad[Missing http parameter]" time="0.007" />
  <testcase classname="es.uvigo.esei.dai.hybridserver.week9.InvalidXMLConfigurationLoaderTest" name="testLoad[Missing database configuration]" time="0.005" />
  <testcase classname="es.uvigo.esei.dai.hybridserver.week9.InvalidXMLConfigurationLoaderTest" name="testLoad[Invalid http port number]" time="0.004" />
  <testcase classname="es.uvigo.esei.dai.hybridserver.week9.InvalidXMLConfigurationLoaderTest" name="testLoad[Invalid number of clients]" time="0.005" />
  <testcase classname="es.uvigo.esei.dai.hybridserver.week9.InvalidXMLConfigurationLoaderTest" name="testLoad[Missing attributes in server]" time="0.005" />
  <testcase classname="es.uvigo.esei.dai.hybridserver.week9.XMLConfigurationLoaderTest" name="testLoad" time="0.011" />
  <testcase classname="es.uvigo.esei.dai.hybridserver.week11.WelcomeAndListsMultipleServersTestCase" name="testHtmlList[Hybrid Server 1]" time="0.044">
    <error message="Access denied for user &apos;hsdb&apos;@&apos;%&apos; to database &apos;hstestdb1&apos;" type="com.mysql.jdbc.exceptions.jdbc4.MySQLSyntaxErrorException">com.mysql.jdbc.exceptions.jdbc4.MySQLSyntaxErrorException: Access denied for user &apos;hsdb&apos;@&apos;%&apos; to database &apos;hstestdb1&apos;
	at java.lang.reflect.Constructor.newInstance(Unknown Source)
	at com.mysql.jdbc.Util.handleNewInstance(Util.java:411)
	at com.mysql.jdbc.Util.getInstance(Util.java:386)
	at com.mysql.jdbc.SQLError.createSQLException(SQLError.java:1053)
	at com.mysql.jdbc.MysqlIO.checkErrorPacket(MysqlIO.java:4096)
	at com.mysql.jdbc.MysqlIO.checkErrorPacket(MysqlIO.java:4028)
	at com.mysql.jdbc.MysqlIO.checkErrorPacket(MysqlIO.java:919)
	at com.mysql.jdbc.MysqlIO.proceedHandshakeWithPluggableAuthentication(MysqlIO.java:1694)
	at com.mysql.jdbc.MysqlIO.doHandshake(MysqlIO.java:1244)
	at com.mysql.jdbc.ConnectionImpl.coreConnect(ConnectionImpl.java:2412)
	at com.mysql.jdbc.ConnectionImpl.connectOneTryOnly(ConnectionImpl.java:2445)
	at com.mysql.jdbc.ConnectionImpl.createNewIO(ConnectionImpl.java:2230)
	at com.mysql.jdbc.ConnectionImpl.&lt;init&gt;(ConnectionImpl.java:813)
	at com.mysql.jdbc.JDBC4Connection.&lt;init&gt;(JDBC4Connection.java:47)
	at java.lang.reflect.Constructor.newInstance(Unknown Source)
	at com.mysql.jdbc.Util.handleNewInstance(Util.java:411)
	at com.mysql.jdbc.ConnectionImpl.getInstance(ConnectionImpl.java:399)
	at com.mysql.jdbc.NonRegisteringDriver.connect(NonRegisteringDriver.java:334)
	at java.sql.DriverManager.getConnection(Unknown Source)
	at java.sql.DriverManager.getConnection(Unknown Source)
	at org.dbunit.JdbcDatabaseTester.getConnection(JdbcDatabaseTester.java:116)
	at es.uvigo.esei.dai.hybridserver.week11.MultipleServersTestCase.setUpJdbc(MultipleServersTestCase.java:109)
</error>
    <error type="java.lang.NullPointerException">java.lang.NullPointerException
	at es.uvigo.esei.dai.hybridserver.week11.MultipleServersTestCase.tearDownJdbc(MultipleServersTestCase.java:140)
</error>
  </testcase>
  <testcase classname="es.uvigo.esei.dai.hybridserver.week11.WelcomeAndListsMultipleServersTestCase" name="testWelcome[Hybrid Server 1]" time="0.035">
    <error message="Access denied for user &apos;hsdb&apos;@&apos;%&apos; to database &apos;hstestdb1&apos;" type="com.mysql.jdbc.exceptions.jdbc4.MySQLSyntaxErrorException">com.mysql.jdbc.exceptions.jdbc4.MySQLSyntaxErrorException: Access denied for user &apos;hsdb&apos;@&apos;%&apos; to database &apos;hstestdb1&apos;
	at java.lang.reflect.Constructor.newInstance(Unknown Source)
	at com.mysql.jdbc.Util.handleNewInstance(Util.java:411)
	at com.mysql.jdbc.Util.getInstance(Util.java:386)
	at com.mysql.jdbc.SQLError.createSQLException(SQLError.java:1053)
	at com.mysql.jdbc.MysqlIO.checkErrorPacket(MysqlIO.java:4096)
	at com.mysql.jdbc.MysqlIO.checkErrorPacket(MysqlIO.java:4028)
	at com.mysql.jdbc.MysqlIO.checkErrorPacket(MysqlIO.java:919)
	at com.mysql.jdbc.MysqlIO.proceedHandshakeWithPluggableAuthentication(MysqlIO.java:1694)
	at com.mysql.jdbc.MysqlIO.doHandshake(MysqlIO.java:1244)
	at com.mysql.jdbc.ConnectionImpl.coreConnect(ConnectionImpl.java:2412)
	at com.mysql.jdbc.ConnectionImpl.connectOneTryOnly(ConnectionImpl.java:2445)
	at com.mysql.jdbc.ConnectionImpl.createNewIO(ConnectionImpl.java:2230)
	at com.mysql.jdbc.ConnectionImpl.&lt;init&gt;(ConnectionImpl.java:813)
	at com.mysql.jdbc.JDBC4Connection.&lt;init&gt;(JDBC4Connection.java:47)
	at java.lang.reflect.Constructor.newInstance(Unknown Source)
	at com.mysql.jdbc.Util.handleNewInstance(Util.java:411)
	at com.mysql.jdbc.ConnectionImpl.getInstance(ConnectionImpl.java:399)
	at com.mysql.jdbc.NonRegisteringDriver.connect(NonRegisteringDriver.java:334)
	at java.sql.DriverManager.getConnection(Unknown Source)
	at java.sql.DriverManager.getConnection(Unknown Source)
	at org.dbunit.JdbcDatabaseTester.getConnection(JdbcDatabaseTester.java:116)
	at es.uvigo.esei.dai.hybridserver.week11.MultipleServersTestCase.setUpJdbc(MultipleServersTestCase.java:109)
</error>
    <error type="java.lang.NullPointerException">java.lang.NullPointerException
	at es.uvigo.esei.dai.hybridserver.week11.MultipleServersTestCase.tearDownJdbc(MultipleServersTestCase.java:140)
</error>
  </testcase>
  <testcase classname="es.uvigo.esei.dai.hybridserver.week11.WelcomeAndListsMultipleServersTestCase" name="testXsltList[Hybrid Server 1]" time="0.025">
    <error message="Access denied for user &apos;hsdb&apos;@&apos;%&apos; to database &apos;hstestdb1&apos;" type="com.mysql.jdbc.exceptions.jdbc4.MySQLSyntaxErrorException">com.mysql.jdbc.exceptions.jdbc4.MySQLSyntaxErrorException: Access denied for user &apos;hsdb&apos;@&apos;%&apos; to database &apos;hstestdb1&apos;
	at java.lang.reflect.Constructor.newInstance(Unknown Source)
	at com.mysql.jdbc.Util.handleNewInstance(Util.java:411)
	at com.mysql.jdbc.Util.getInstance(Util.java:386)
	at com.mysql.jdbc.SQLError.createSQLException(SQLError.java:1053)
	at com.mysql.jdbc.MysqlIO.checkErrorPacket(MysqlIO.java:4096)
	at com.mysql.jdbc.MysqlIO.checkErrorPacket(MysqlIO.java:4028)
	at com.mysql.jdbc.MysqlIO.checkErrorPacket(MysqlIO.java:919)
	at com.mysql.jdbc.MysqlIO.proceedHandshakeWithPluggableAuthentication(MysqlIO.java:1694)
	at com.mysql.jdbc.MysqlIO.doHandshake(MysqlIO.java:1244)
	at com.mysql.jdbc.ConnectionImpl.coreConnect(ConnectionImpl.java:2412)
	at com.mysql.jdbc.ConnectionImpl.connectOneTryOnly(ConnectionImpl.java:2445)
	at com.mysql.jdbc.ConnectionImpl.createNewIO(ConnectionImpl.java:2230)
	at com.mysql.jdbc.ConnectionImpl.&lt;init&gt;(ConnectionImpl.java:813)
	at com.mysql.jdbc.JDBC4Connection.&lt;init&gt;(JDBC4Connection.java:47)
	at java.lang.reflect.Constructor.newInstance(Unknown Source)
	at com.mysql.jdbc.Util.handleNewInstance(Util.java:411)
	at com.mysql.jdbc.ConnectionImpl.getInstance(ConnectionImpl.java:399)
	at com.mysql.jdbc.NonRegisteringDriver.connect(NonRegisteringDriver.java:334)
	at java.sql.DriverManager.getConnection(Unknown Source)
	at java.sql.DriverManager.getConnection(Unknown Source)
	at org.dbunit.JdbcDatabaseTester.getConnection(JdbcDatabaseTester.java:116)
	at es.uvigo.esei.dai.hybridserver.week11.MultipleServersTestCase.setUpJdbc(MultipleServersTestCase.java:109)
</error>
    <error type="java.lang.NullPointerException">java.lang.NullPointerException
	at es.uvigo.esei.dai.hybridserver.week11.MultipleServersTestCase.tearDownJdbc(MultipleServersTestCase.java:140)
</error>
  </testcase>
  <testcase classname="es.uvigo.esei.dai.hybridserver.week11.WelcomeAndListsMultipleServersTestCase" name="testXmlList[Hybrid Server 1]" time="0.035">
    <error message="Access denied for user &apos;hsdb&apos;@&apos;%&apos; to database &apos;hstestdb1&apos;" type="com.mysql.jdbc.exceptions.jdbc4.MySQLSyntaxErrorException">com.mysql.jdbc.exceptions.jdbc4.MySQLSyntaxErrorException: Access denied for user &apos;hsdb&apos;@&apos;%&apos; to database &apos;hstestdb1&apos;
	at java.lang.reflect.Constructor.newInstance(Unknown Source)
	at com.mysql.jdbc.Util.handleNewInstance(Util.java:411)
	at com.mysql.jdbc.Util.getInstance(Util.java:386)
	at com.mysql.jdbc.SQLError.createSQLException(SQLError.java:1053)
	at com.mysql.jdbc.MysqlIO.checkErrorPacket(MysqlIO.java:4096)
	at com.mysql.jdbc.MysqlIO.checkErrorPacket(MysqlIO.java:4028)
	at com.mysql.jdbc.MysqlIO.checkErrorPacket(MysqlIO.java:919)
	at com.mysql.jdbc.MysqlIO.proceedHandshakeWithPluggableAuthentication(MysqlIO.java:1694)
	at com.mysql.jdbc.MysqlIO.doHandshake(MysqlIO.java:1244)
	at com.mysql.jdbc.ConnectionImpl.coreConnect(ConnectionImpl.java:2412)
	at com.mysql.jdbc.ConnectionImpl.connectOneTryOnly(ConnectionImpl.java:2445)
	at com.mysql.jdbc.ConnectionImpl.createNewIO(ConnectionImpl.java:2230)
	at com.mysql.jdbc.ConnectionImpl.&lt;init&gt;(ConnectionImpl.java:813)
	at com.mysql.jdbc.JDBC4Connection.&lt;init&gt;(JDBC4Connection.java:47)
	at java.lang.reflect.Constructor.newInstance(Unknown Source)
	at com.mysql.jdbc.Util.handleNewInstance(Util.java:411)
	at com.mysql.jdbc.ConnectionImpl.getInstance(ConnectionImpl.java:399)
	at com.mysql.jdbc.NonRegisteringDriver.connect(NonRegisteringDriver.java:334)
	at java.sql.DriverManager.getConnection(Unknown Source)
	at java.sql.DriverManager.getConnection(Unknown Source)
	at org.dbunit.JdbcDatabaseTester.getConnection(JdbcDatabaseTester.java:116)
	at es.uvigo.esei.dai.hybridserver.week11.MultipleServersTestCase.setUpJdbc(MultipleServersTestCase.java:109)
</error>
    <error type="java.lang.NullPointerException">java.lang.NullPointerException
	at es.uvigo.esei.dai.hybridserver.week11.MultipleServersTestCase.tearDownJdbc(MultipleServersTestCase.java:140)
</error>
  </testcase>
  <testcase classname="es.uvigo.esei.dai.hybridserver.week11.WelcomeAndListsMultipleServersTestCase" name="testXsdList[Hybrid Server 1]" time="0.025">
    <error message="Access denied for user &apos;hsdb&apos;@&apos;%&apos; to database &apos;hstestdb1&apos;" type="com.mysql.jdbc.exceptions.jdbc4.MySQLSyntaxErrorException">com.mysql.jdbc.exceptions.jdbc4.MySQLSyntaxErrorException: Access denied for user &apos;hsdb&apos;@&apos;%&apos; to database &apos;hstestdb1&apos;
	at java.lang.reflect.Constructor.newInstance(Unknown Source)
	at com.mysql.jdbc.Util.handleNewInstance(Util.java:411)
	at com.mysql.jdbc.Util.getInstance(Util.java:386)
	at com.mysql.jdbc.SQLError.createSQLException(SQLError.java:1053)
	at com.mysql.jdbc.MysqlIO.checkErrorPacket(MysqlIO.java:4096)
	at com.mysql.jdbc.MysqlIO.checkErrorPacket(MysqlIO.java:4028)
	at com.mysql.jdbc.MysqlIO.checkErrorPacket(MysqlIO.java:919)
	at com.mysql.jdbc.MysqlIO.proceedHandshakeWithPluggableAuthentication(MysqlIO.java:1694)
	at com.mysql.jdbc.MysqlIO.doHandshake(MysqlIO.java:1244)
	at com.mysql.jdbc.ConnectionImpl.coreConnect(ConnectionImpl.java:2412)
	at com.mysql.jdbc.ConnectionImpl.connectOneTryOnly(ConnectionImpl.java:2445)
	at com.mysql.jdbc.ConnectionImpl.createNewIO(ConnectionImpl.java:2230)
	at com.mysql.jdbc.ConnectionImpl.&lt;init&gt;(ConnectionImpl.java:813)
	at com.mysql.jdbc.JDBC4Connection.&lt;init&gt;(JDBC4Connection.java:47)
	at java.lang.reflect.Constructor.newInstance(Unknown Source)
	at com.mysql.jdbc.Util.handleNewInstance(Util.java:411)
	at com.mysql.jdbc.ConnectionImpl.getInstance(ConnectionImpl.java:399)
	at com.mysql.jdbc.NonRegisteringDriver.connect(NonRegisteringDriver.java:334)
	at java.sql.DriverManager.getConnection(Unknown Source)
	at java.sql.DriverManager.getConnection(Unknown Source)
	at org.dbunit.JdbcDatabaseTester.getConnection(JdbcDatabaseTester.java:116)
	at es.uvigo.esei.dai.hybridserver.week11.MultipleServersTestCase.setUpJdbc(MultipleServersTestCase.java:109)
</error>
    <error type="java.lang.NullPointerException">java.lang.NullPointerException
	at es.uvigo.esei.dai.hybridserver.week11.MultipleServersTestCase.tearDownJdbc(MultipleServersTestCase.java:140)
</error>
  </testcase>
  <testcase classname="es.uvigo.esei.dai.hybridserver.week11.WelcomeAndListsMultipleServersTestCase" name="testHtmlList[Hybrid Server 2]" time="0.029">
    <error message="Access denied for user &apos;hsdb&apos;@&apos;%&apos; to database &apos;hstestdb1&apos;" type="com.mysql.jdbc.exceptions.jdbc4.MySQLSyntaxErrorException">com.mysql.jdbc.exceptions.jdbc4.MySQLSyntaxErrorException: Access denied for user &apos;hsdb&apos;@&apos;%&apos; to database &apos;hstestdb1&apos;
	at java.lang.reflect.Constructor.newInstance(Unknown Source)
	at com.mysql.jdbc.Util.handleNewInstance(Util.java:411)
	at com.mysql.jdbc.Util.getInstance(Util.java:386)
	at com.mysql.jdbc.SQLError.createSQLException(SQLError.java:1053)
	at com.mysql.jdbc.MysqlIO.checkErrorPacket(MysqlIO.java:4096)
	at com.mysql.jdbc.MysqlIO.checkErrorPacket(MysqlIO.java:4028)
	at com.mysql.jdbc.MysqlIO.checkErrorPacket(MysqlIO.java:919)
	at com.mysql.jdbc.MysqlIO.proceedHandshakeWithPluggableAuthentication(MysqlIO.java:1694)
	at com.mysql.jdbc.MysqlIO.doHandshake(MysqlIO.java:1244)
	at com.mysql.jdbc.ConnectionImpl.coreConnect(ConnectionImpl.java:2412)
	at com.mysql.jdbc.ConnectionImpl.connectOneTryOnly(ConnectionImpl.java:2445)
	at com.mysql.jdbc.ConnectionImpl.createNewIO(ConnectionImpl.java:2230)
	at com.mysql.jdbc.ConnectionImpl.&lt;init&gt;(ConnectionImpl.java:813)
	at com.mysql.jdbc.JDBC4Connection.&lt;init&gt;(JDBC4Connection.java:47)
	at java.lang.reflect.Constructor.newInstance(Unknown Source)
	at com.mysql.jdbc.Util.handleNewInstance(Util.java:411)
	at com.mysql.jdbc.ConnectionImpl.getInstance(ConnectionImpl.java:399)
	at com.mysql.jdbc.NonRegisteringDriver.connect(NonRegisteringDriver.java:334)
	at java.sql.DriverManager.getConnection(Unknown Source)
	at java.sql.DriverManager.getConnection(Unknown Source)
	at org.dbunit.JdbcDatabaseTester.getConnection(JdbcDatabaseTester.java:116)
	at es.uvigo.esei.dai.hybridserver.week11.MultipleServersTestCase.setUpJdbc(MultipleServersTestCase.java:109)
</error>
    <error type="java.lang.NullPointerException">java.lang.NullPointerException
	at es.uvigo.esei.dai.hybridserver.week11.MultipleServersTestCase.tearDownJdbc(MultipleServersTestCase.java:140)
</error>
  </testcase>
  <testcase classname="es.uvigo.esei.dai.hybridserver.week11.WelcomeAndListsMultipleServersTestCase" name="testWelcome[Hybrid Server 2]" time="0.031">
    <error message="Access denied for user &apos;hsdb&apos;@&apos;%&apos; to database &apos;hstestdb1&apos;" type="com.mysql.jdbc.exceptions.jdbc4.MySQLSyntaxErrorException">com.mysql.jdbc.exceptions.jdbc4.MySQLSyntaxErrorException: Access denied for user &apos;hsdb&apos;@&apos;%&apos; to database &apos;hstestdb1&apos;
	at java.lang.reflect.Constructor.newInstance(Unknown Source)
	at com.mysql.jdbc.Util.handleNewInstance(Util.java:411)
	at com.mysql.jdbc.Util.getInstance(Util.java:386)
	at com.mysql.jdbc.SQLError.createSQLException(SQLError.java:1053)
	at com.mysql.jdbc.MysqlIO.checkErrorPacket(MysqlIO.java:4096)
	at com.mysql.jdbc.MysqlIO.checkErrorPacket(MysqlIO.java:4028)
	at com.mysql.jdbc.MysqlIO.checkErrorPacket(MysqlIO.java:919)
	at com.mysql.jdbc.MysqlIO.proceedHandshakeWithPluggableAuthentication(MysqlIO.java:1694)
	at com.mysql.jdbc.MysqlIO.doHandshake(MysqlIO.java:1244)
	at com.mysql.jdbc.ConnectionImpl.coreConnect(ConnectionImpl.java:2412)
	at com.mysql.jdbc.ConnectionImpl.connectOneTryOnly(ConnectionImpl.java:2445)
	at com.mysql.jdbc.ConnectionImpl.createNewIO(ConnectionImpl.java:2230)
	at com.mysql.jdbc.ConnectionImpl.&lt;init&gt;(ConnectionImpl.java:813)
	at com.mysql.jdbc.JDBC4Connection.&lt;init&gt;(JDBC4Connection.java:47)
	at java.lang.reflect.Constructor.newInstance(Unknown Source)
	at com.mysql.jdbc.Util.handleNewInstance(Util.java:411)
	at com.mysql.jdbc.ConnectionImpl.getInstance(ConnectionImpl.java:399)
	at com.mysql.jdbc.NonRegisteringDriver.connect(NonRegisteringDriver.java:334)
	at java.sql.DriverManager.getConnection(Unknown Source)
	at java.sql.DriverManager.getConnection(Unknown Source)
	at org.dbunit.JdbcDatabaseTester.getConnection(JdbcDatabaseTester.java:116)
	at es.uvigo.esei.dai.hybridserver.week11.MultipleServersTestCase.setUpJdbc(MultipleServersTestCase.java:109)
</error>
    <error type="java.lang.NullPointerException">java.lang.NullPointerException
	at es.uvigo.esei.dai.hybridserver.week11.MultipleServersTestCase.tearDownJdbc(MultipleServersTestCase.java:140)
</error>
  </testcase>
  <testcase classname="es.uvigo.esei.dai.hybridserver.week11.WelcomeAndListsMultipleServersTestCase" name="testXsltList[Hybrid Server 2]" time="0.024">
    <error message="Access denied for user &apos;hsdb&apos;@&apos;%&apos; to database &apos;hstestdb1&apos;" type="com.mysql.jdbc.exceptions.jdbc4.MySQLSyntaxErrorException">com.mysql.jdbc.exceptions.jdbc4.MySQLSyntaxErrorException: Access denied for user &apos;hsdb&apos;@&apos;%&apos; to database &apos;hstestdb1&apos;
	at java.lang.reflect.Constructor.newInstance(Unknown Source)
	at com.mysql.jdbc.Util.handleNewInstance(Util.java:411)
	at com.mysql.jdbc.Util.getInstance(Util.java:386)
	at com.mysql.jdbc.SQLError.createSQLException(SQLError.java:1053)
	at com.mysql.jdbc.MysqlIO.checkErrorPacket(MysqlIO.java:4096)
	at com.mysql.jdbc.MysqlIO.checkErrorPacket(MysqlIO.java:4028)
	at com.mysql.jdbc.MysqlIO.checkErrorPacket(MysqlIO.java:919)
	at com.mysql.jdbc.MysqlIO.proceedHandshakeWithPluggableAuthentication(MysqlIO.java:1694)
	at com.mysql.jdbc.MysqlIO.doHandshake(MysqlIO.java:1244)
	at com.mysql.jdbc.ConnectionImpl.coreConnect(ConnectionImpl.java:2412)
	at com.mysql.jdbc.ConnectionImpl.connectOneTryOnly(ConnectionImpl.java:2445)
	at com.mysql.jdbc.ConnectionImpl.createNewIO(ConnectionImpl.java:2230)
	at com.mysql.jdbc.ConnectionImpl.&lt;init&gt;(ConnectionImpl.java:813)
	at com.mysql.jdbc.JDBC4Connection.&lt;init&gt;(JDBC4Connection.java:47)
	at java.lang.reflect.Constructor.newInstance(Unknown Source)
	at com.mysql.jdbc.Util.handleNewInstance(Util.java:411)
	at com.mysql.jdbc.ConnectionImpl.getInstance(ConnectionImpl.java:399)
	at com.mysql.jdbc.NonRegisteringDriver.connect(NonRegisteringDriver.java:334)
	at java.sql.DriverManager.getConnection(Unknown Source)
	at java.sql.DriverManager.getConnection(Unknown Source)
	at org.dbunit.JdbcDatabaseTester.getConnection(JdbcDatabaseTester.java:116)
	at es.uvigo.esei.dai.hybridserver.week11.MultipleServersTestCase.setUpJdbc(MultipleServersTestCase.java:109)
</error>
    <error type="java.lang.NullPointerException">java.lang.NullPointerException
	at es.uvigo.esei.dai.hybridserver.week11.MultipleServersTestCase.tearDownJdbc(MultipleServersTestCase.java:140)
</error>
  </testcase>
  <testcase classname="es.uvigo.esei.dai.hybridserver.week11.WelcomeAndListsMultipleServersTestCase" name="testXmlList[Hybrid Server 2]" time="0.021">
    <error message="Access denied for user &apos;hsdb&apos;@&apos;%&apos; to database &apos;hstestdb1&apos;" type="com.mysql.jdbc.exceptions.jdbc4.MySQLSyntaxErrorException">com.mysql.jdbc.exceptions.jdbc4.MySQLSyntaxErrorException: Access denied for user &apos;hsdb&apos;@&apos;%&apos; to database &apos;hstestdb1&apos;
	at java.lang.reflect.Constructor.newInstance(Unknown Source)
	at com.mysql.jdbc.Util.handleNewInstance(Util.java:411)
	at com.mysql.jdbc.Util.getInstance(Util.java:386)
	at com.mysql.jdbc.SQLError.createSQLException(SQLError.java:1053)
	at com.mysql.jdbc.MysqlIO.checkErrorPacket(MysqlIO.java:4096)
	at com.mysql.jdbc.MysqlIO.checkErrorPacket(MysqlIO.java:4028)
	at com.mysql.jdbc.MysqlIO.checkErrorPacket(MysqlIO.java:919)
	at com.mysql.jdbc.MysqlIO.proceedHandshakeWithPluggableAuthentication(MysqlIO.java:1694)
	at com.mysql.jdbc.MysqlIO.doHandshake(MysqlIO.java:1244)
	at com.mysql.jdbc.ConnectionImpl.coreConnect(ConnectionImpl.java:2412)
	at com.mysql.jdbc.ConnectionImpl.connectOneTryOnly(ConnectionImpl.java:2445)
	at com.mysql.jdbc.ConnectionImpl.createNewIO(ConnectionImpl.java:2230)
	at com.mysql.jdbc.ConnectionImpl.&lt;init&gt;(ConnectionImpl.java:813)
	at com.mysql.jdbc.JDBC4Connection.&lt;init&gt;(JDBC4Connection.java:47)
	at java.lang.reflect.Constructor.newInstance(Unknown Source)
	at com.mysql.jdbc.Util.handleNewInstance(Util.java:411)
	at com.mysql.jdbc.ConnectionImpl.getInstance(ConnectionImpl.java:399)
	at com.mysql.jdbc.NonRegisteringDriver.connect(NonRegisteringDriver.java:334)
	at java.sql.DriverManager.getConnection(Unknown Source)
	at java.sql.DriverManager.getConnection(Unknown Source)
	at org.dbunit.JdbcDatabaseTester.getConnection(JdbcDatabaseTester.java:116)
	at es.uvigo.esei.dai.hybridserver.week11.MultipleServersTestCase.setUpJdbc(MultipleServersTestCase.java:109)
</error>
    <error type="java.lang.NullPointerException">java.lang.NullPointerException
	at es.uvigo.esei.dai.hybridserver.week11.MultipleServersTestCase.tearDownJdbc(MultipleServersTestCase.java:140)
</error>
  </testcase>
  <testcase classname="es.uvigo.esei.dai.hybridserver.week11.WelcomeAndListsMultipleServersTestCase" name="testXsdList[Hybrid Server 2]" time="0.022">
    <error message="Access denied for user &apos;hsdb&apos;@&apos;%&apos; to database &apos;hstestdb1&apos;" type="com.mysql.jdbc.exceptions.jdbc4.MySQLSyntaxErrorException">com.mysql.jdbc.exceptions.jdbc4.MySQLSyntaxErrorException: Access denied for user &apos;hsdb&apos;@&apos;%&apos; to database &apos;hstestdb1&apos;
	at java.lang.reflect.Constructor.newInstance(Unknown Source)
	at com.mysql.jdbc.Util.handleNewInstance(Util.java:411)
	at com.mysql.jdbc.Util.getInstance(Util.java:386)
	at com.mysql.jdbc.SQLError.createSQLException(SQLError.java:1053)
	at com.mysql.jdbc.MysqlIO.checkErrorPacket(MysqlIO.java:4096)
	at com.mysql.jdbc.MysqlIO.checkErrorPacket(MysqlIO.java:4028)
	at com.mysql.jdbc.MysqlIO.checkErrorPacket(MysqlIO.java:919)
	at com.mysql.jdbc.MysqlIO.proceedHandshakeWithPluggableAuthentication(MysqlIO.java:1694)
	at com.mysql.jdbc.MysqlIO.doHandshake(MysqlIO.java:1244)
	at com.mysql.jdbc.ConnectionImpl.coreConnect(ConnectionImpl.java:2412)
	at com.mysql.jdbc.ConnectionImpl.connectOneTryOnly(ConnectionImpl.java:2445)
	at com.mysql.jdbc.ConnectionImpl.createNewIO(ConnectionImpl.java:2230)
	at com.mysql.jdbc.ConnectionImpl.&lt;init&gt;(ConnectionImpl.java:813)
	at com.mysql.jdbc.JDBC4Connection.&lt;init&gt;(JDBC4Connection.java:47)
	at java.lang.reflect.Constructor.newInstance(Unknown Source)
	at com.mysql.jdbc.Util.handleNewInstance(Util.java:411)
	at com.mysql.jdbc.ConnectionImpl.getInstance(ConnectionImpl.java:399)
	at com.mysql.jdbc.NonRegisteringDriver.connect(NonRegisteringDriver.java:334)
	at java.sql.DriverManager.getConnection(Unknown Source)
	at java.sql.DriverManager.getConnection(Unknown Source)
	at org.dbunit.JdbcDatabaseTester.getConnection(JdbcDatabaseTester.java:116)
	at es.uvigo.esei.dai.hybridserver.week11.MultipleServersTestCase.setUpJdbc(MultipleServersTestCase.java:109)
</error>
    <error type="java.lang.NullPointerException">java.lang.NullPointerException
	at es.uvigo.esei.dai.hybridserver.week11.MultipleServersTestCase.tearDownJdbc(MultipleServersTestCase.java:140)
</error>
  </testcase>
  <testcase classname="es.uvigo.esei.dai.hybridserver.week11.WelcomeAndListsMultipleServersTestCase" name="testHtmlList[Hybrid Server 3]" time="0.02">
    <error message="Access denied for user &apos;hsdb&apos;@&apos;%&apos; to database &apos;hstestdb1&apos;" type="com.mysql.jdbc.exceptions.jdbc4.MySQLSyntaxErrorException">com.mysql.jdbc.exceptions.jdbc4.MySQLSyntaxErrorException: Access denied for user &apos;hsdb&apos;@&apos;%&apos; to database &apos;hstestdb1&apos;
	at java.lang.reflect.Constructor.newInstance(Unknown Source)
	at com.mysql.jdbc.Util.handleNewInstance(Util.java:411)
	at com.mysql.jdbc.Util.getInstance(Util.java:386)
	at com.mysql.jdbc.SQLError.createSQLException(SQLError.java:1053)
	at com.mysql.jdbc.MysqlIO.checkErrorPacket(MysqlIO.java:4096)
	at com.mysql.jdbc.MysqlIO.checkErrorPacket(MysqlIO.java:4028)
	at com.mysql.jdbc.MysqlIO.checkErrorPacket(MysqlIO.java:919)
	at com.mysql.jdbc.MysqlIO.proceedHandshakeWithPluggableAuthentication(MysqlIO.java:1694)
	at com.mysql.jdbc.MysqlIO.doHandshake(MysqlIO.java:1244)
	at com.mysql.jdbc.ConnectionImpl.coreConnect(ConnectionImpl.java:2412)
	at com.mysql.jdbc.ConnectionImpl.connectOneTryOnly(ConnectionImpl.java:2445)
	at com.mysql.jdbc.ConnectionImpl.createNewIO(ConnectionImpl.java:2230)
	at com.mysql.jdbc.ConnectionImpl.&lt;init&gt;(ConnectionImpl.java:813)
	at com.mysql.jdbc.JDBC4Connection.&lt;init&gt;(JDBC4Connection.java:47)
	at java.lang.reflect.Constructor.newInstance(Unknown Source)
	at com.mysql.jdbc.Util.handleNewInstance(Util.java:411)
	at com.mysql.jdbc.ConnectionImpl.getInstance(ConnectionImpl.java:399)
	at com.mysql.jdbc.NonRegisteringDriver.connect(NonRegisteringDriver.java:334)
	at java.sql.DriverManager.getConnection(Unknown Source)
	at java.sql.DriverManager.getConnection(Unknown Source)
	at org.dbunit.JdbcDatabaseTester.getConnection(JdbcDatabaseTester.java:116)
	at es.uvigo.esei.dai.hybridserver.week11.MultipleServersTestCase.setUpJdbc(MultipleServersTestCase.java:109)
</error>
    <error type="java.lang.NullPointerException">java.lang.NullPointerException
	at es.uvigo.esei.dai.hybridserver.week11.MultipleServersTestCase.tearDownJdbc(MultipleServersTestCase.java:140)
</error>
  </testcase>
  <testcase classname="es.uvigo.esei.dai.hybridserver.week11.WelcomeAndListsMultipleServersTestCase" name="testWelcome[Hybrid Server 3]" time="0.02">
    <error message="Access denied for user &apos;hsdb&apos;@&apos;%&apos; to database &apos;hstestdb1&apos;" type="com.mysql.jdbc.exceptions.jdbc4.MySQLSyntaxErrorException">com.mysql.jdbc.exceptions.jdbc4.MySQLSyntaxErrorException: Access denied for user &apos;hsdb&apos;@&apos;%&apos; to database &apos;hstestdb1&apos;
	at java.lang.reflect.Constructor.newInstance(Unknown Source)
	at com.mysql.jdbc.Util.handleNewInstance(Util.java:411)
	at com.mysql.jdbc.Util.getInstance(Util.java:386)
	at com.mysql.jdbc.SQLError.createSQLException(SQLError.java:1053)
	at com.mysql.jdbc.MysqlIO.checkErrorPacket(MysqlIO.java:4096)
	at com.mysql.jdbc.MysqlIO.checkErrorPacket(MysqlIO.java:4028)
	at com.mysql.jdbc.MysqlIO.checkErrorPacket(MysqlIO.java:919)
	at com.mysql.jdbc.MysqlIO.proceedHandshakeWithPluggableAuthentication(MysqlIO.java:1694)
	at com.mysql.jdbc.MysqlIO.doHandshake(MysqlIO.java:1244)
	at com.mysql.jdbc.ConnectionImpl.coreConnect(ConnectionImpl.java:2412)
	at com.mysql.jdbc.ConnectionImpl.connectOneTryOnly(ConnectionImpl.java:2445)
	at com.mysql.jdbc.ConnectionImpl.createNewIO(ConnectionImpl.java:2230)
	at com.mysql.jdbc.ConnectionImpl.&lt;init&gt;(ConnectionImpl.java:813)
	at com.mysql.jdbc.JDBC4Connection.&lt;init&gt;(JDBC4Connection.java:47)
	at java.lang.reflect.Constructor.newInstance(Unknown Source)
	at com.mysql.jdbc.Util.handleNewInstance(Util.java:411)
	at com.mysql.jdbc.ConnectionImpl.getInstance(ConnectionImpl.java:399)
	at com.mysql.jdbc.NonRegisteringDriver.connect(NonRegisteringDriver.java:334)
	at java.sql.DriverManager.getConnection(Unknown Source)
	at java.sql.DriverManager.getConnection(Unknown Source)
	at org.dbunit.JdbcDatabaseTester.getConnection(JdbcDatabaseTester.java:116)
	at es.uvigo.esei.dai.hybridserver.week11.MultipleServersTestCase.setUpJdbc(MultipleServersTestCase.java:109)
</error>
    <error type="java.lang.NullPointerException">java.lang.NullPointerException
	at es.uvigo.esei.dai.hybridserver.week11.MultipleServersTestCase.tearDownJdbc(MultipleServersTestCase.java:140)
</error>
  </testcase>
  <testcase classname="es.uvigo.esei.dai.hybridserver.week11.WelcomeAndListsMultipleServersTestCase" name="testXsltList[Hybrid Server 3]" time="0.023">
    <error message="Access denied for user &apos;hsdb&apos;@&apos;%&apos; to database &apos;hstestdb1&apos;" type="com.mysql.jdbc.exceptions.jdbc4.MySQLSyntaxErrorException">com.mysql.jdbc.exceptions.jdbc4.MySQLSyntaxErrorException: Access denied for user &apos;hsdb&apos;@&apos;%&apos; to database &apos;hstestdb1&apos;
	at java.lang.reflect.Constructor.newInstance(Unknown Source)
	at com.mysql.jdbc.Util.handleNewInstance(Util.java:411)
	at com.mysql.jdbc.Util.getInstance(Util.java:386)
	at com.mysql.jdbc.SQLError.createSQLException(SQLError.java:1053)
	at com.mysql.jdbc.MysqlIO.checkErrorPacket(MysqlIO.java:4096)
	at com.mysql.jdbc.MysqlIO.checkErrorPacket(MysqlIO.java:4028)
	at com.mysql.jdbc.MysqlIO.checkErrorPacket(MysqlIO.java:919)
	at com.mysql.jdbc.MysqlIO.proceedHandshakeWithPluggableAuthentication(MysqlIO.java:1694)
	at com.mysql.jdbc.MysqlIO.doHandshake(MysqlIO.java:1244)
	at com.mysql.jdbc.ConnectionImpl.coreConnect(ConnectionImpl.java:2412)
	at com.mysql.jdbc.ConnectionImpl.connectOneTryOnly(ConnectionImpl.java:2445)
	at com.mysql.jdbc.ConnectionImpl.createNewIO(ConnectionImpl.java:2230)
	at com.mysql.jdbc.ConnectionImpl.&lt;init&gt;(ConnectionImpl.java:813)
	at com.mysql.jdbc.JDBC4Connection.&lt;init&gt;(JDBC4Connection.java:47)
	at java.lang.reflect.Constructor.newInstance(Unknown Source)
	at com.mysql.jdbc.Util.handleNewInstance(Util.java:411)
	at com.mysql.jdbc.ConnectionImpl.getInstance(ConnectionImpl.java:399)
	at com.mysql.jdbc.NonRegisteringDriver.connect(NonRegisteringDriver.java:334)
	at java.sql.DriverManager.getConnection(Unknown Source)
	at java.sql.DriverManager.getConnection(Unknown Source)
	at org.dbunit.JdbcDatabaseTester.getConnection(JdbcDatabaseTester.java:116)
	at es.uvigo.esei.dai.hybridserver.week11.MultipleServersTestCase.setUpJdbc(MultipleServersTestCase.java:109)
</error>
    <error type="java.lang.NullPointerException">java.lang.NullPointerException
	at es.uvigo.esei.dai.hybridserver.week11.MultipleServersTestCase.tearDownJdbc(MultipleServersTestCase.java:140)
</error>
  </testcase>
  <testcase classname="es.uvigo.esei.dai.hybridserver.week11.WelcomeAndListsMultipleServersTestCase" name="testXmlList[Hybrid Server 3]" time="0.028">
    <error message="Access denied for user &apos;hsdb&apos;@&apos;%&apos; to database &apos;hstestdb1&apos;" type="com.mysql.jdbc.exceptions.jdbc4.MySQLSyntaxErrorException">com.mysql.jdbc.exceptions.jdbc4.MySQLSyntaxErrorException: Access denied for user &apos;hsdb&apos;@&apos;%&apos; to database &apos;hstestdb1&apos;
	at java.lang.reflect.Constructor.newInstance(Unknown Source)
	at com.mysql.jdbc.Util.handleNewInstance(Util.java:411)
	at com.mysql.jdbc.Util.getInstance(Util.java:386)
	at com.mysql.jdbc.SQLError.createSQLException(SQLError.java:1053)
	at com.mysql.jdbc.MysqlIO.checkErrorPacket(MysqlIO.java:4096)
	at com.mysql.jdbc.MysqlIO.checkErrorPacket(MysqlIO.java:4028)
	at com.mysql.jdbc.MysqlIO.checkErrorPacket(MysqlIO.java:919)
	at com.mysql.jdbc.MysqlIO.proceedHandshakeWithPluggableAuthentication(MysqlIO.java:1694)
	at com.mysql.jdbc.MysqlIO.doHandshake(MysqlIO.java:1244)
	at com.mysql.jdbc.ConnectionImpl.coreConnect(ConnectionImpl.java:2412)
	at com.mysql.jdbc.ConnectionImpl.connectOneTryOnly(ConnectionImpl.java:2445)
	at com.mysql.jdbc.ConnectionImpl.createNewIO(ConnectionImpl.java:2230)
	at com.mysql.jdbc.ConnectionImpl.&lt;init&gt;(ConnectionImpl.java:813)
	at com.mysql.jdbc.JDBC4Connection.&lt;init&gt;(JDBC4Connection.java:47)
	at java.lang.reflect.Constructor.newInstance(Unknown Source)
	at com.mysql.jdbc.Util.handleNewInstance(Util.java:411)
	at com.mysql.jdbc.ConnectionImpl.getInstance(ConnectionImpl.java:399)
	at com.mysql.jdbc.NonRegisteringDriver.connect(NonRegisteringDriver.java:334)
	at java.sql.DriverManager.getConnection(Unknown Source)
	at java.sql.DriverManager.getConnection(Unknown Source)
	at org.dbunit.JdbcDatabaseTester.getConnection(JdbcDatabaseTester.java:116)
	at es.uvigo.esei.dai.hybridserver.week11.MultipleServersTestCase.setUpJdbc(MultipleServersTestCase.java:109)
</error>
    <error type="java.lang.NullPointerException">java.lang.NullPointerException
	at es.uvigo.esei.dai.hybridserver.week11.MultipleServersTestCase.tearDownJdbc(MultipleServersTestCase.java:140)
</error>
  </testcase>
  <testcase classname="es.uvigo.esei.dai.hybridserver.week11.WelcomeAndListsMultipleServersTestCase" name="testXsdList[Hybrid Server 3]" time="0.017">
    <error message="Access denied for user &apos;hsdb&apos;@&apos;%&apos; to database &apos;hstestdb1&apos;" type="com.mysql.jdbc.exceptions.jdbc4.MySQLSyntaxErrorException">com.mysql.jdbc.exceptions.jdbc4.MySQLSyntaxErrorException: Access denied for user &apos;hsdb&apos;@&apos;%&apos; to database &apos;hstestdb1&apos;
	at java.lang.reflect.Constructor.newInstance(Unknown Source)
	at com.mysql.jdbc.Util.handleNewInstance(Util.java:411)
	at com.mysql.jdbc.Util.getInstance(Util.java:386)
	at com.mysql.jdbc.SQLError.createSQLException(SQLError.java:1053)
	at com.mysql.jdbc.MysqlIO.checkErrorPacket(MysqlIO.java:4096)
	at com.mysql.jdbc.MysqlIO.checkErrorPacket(MysqlIO.java:4028)
	at com.mysql.jdbc.MysqlIO.checkErrorPacket(MysqlIO.java:919)
	at com.mysql.jdbc.MysqlIO.proceedHandshakeWithPluggableAuthentication(MysqlIO.java:1694)
	at com.mysql.jdbc.MysqlIO.doHandshake(MysqlIO.java:1244)
	at com.mysql.jdbc.ConnectionImpl.coreConnect(ConnectionImpl.java:2412)
	at com.mysql.jdbc.ConnectionImpl.connectOneTryOnly(ConnectionImpl.java:2445)
	at com.mysql.jdbc.ConnectionImpl.createNewIO(ConnectionImpl.java:2230)
	at com.mysql.jdbc.ConnectionImpl.&lt;init&gt;(ConnectionImpl.java:813)
	at com.mysql.jdbc.JDBC4Connection.&lt;init&gt;(JDBC4Connection.java:47)
	at java.lang.reflect.Constructor.newInstance(Unknown Source)
	at com.mysql.jdbc.Util.handleNewInstance(Util.java:411)
	at com.mysql.jdbc.ConnectionImpl.getInstance(ConnectionImpl.java:399)
	at com.mysql.jdbc.NonRegisteringDriver.connect(NonRegisteringDriver.java:334)
	at java.sql.DriverManager.getConnection(Unknown Source)
	at java.sql.DriverManager.getConnection(Unknown Source)
	at org.dbunit.JdbcDatabaseTester.getConnection(JdbcDatabaseTester.java:116)
	at es.uvigo.esei.dai.hybridserver.week11.MultipleServersTestCase.setUpJdbc(MultipleServersTestCase.java:109)
</error>
    <error type="java.lang.NullPointerException">java.lang.NullPointerException
	at es.uvigo.esei.dai.hybridserver.week11.MultipleServersTestCase.tearDownJdbc(MultipleServersTestCase.java:140)
</error>
  </testcase>
  <testcase classname="es.uvigo.esei.dai.hybridserver.week11.WelcomeAndListsMultipleServersTestCase" name="testHtmlList[Hybrid Server 4]" time="0.02">
    <error message="Access denied for user &apos;hsdb&apos;@&apos;%&apos; to database &apos;hstestdb1&apos;" type="com.mysql.jdbc.exceptions.jdbc4.MySQLSyntaxErrorException">com.mysql.jdbc.exceptions.jdbc4.MySQLSyntaxErrorException: Access denied for user &apos;hsdb&apos;@&apos;%&apos; to database &apos;hstestdb1&apos;
	at java.lang.reflect.Constructor.newInstance(Unknown Source)
	at com.mysql.jdbc.Util.handleNewInstance(Util.java:411)
	at com.mysql.jdbc.Util.getInstance(Util.java:386)
	at com.mysql.jdbc.SQLError.createSQLException(SQLError.java:1053)
	at com.mysql.jdbc.MysqlIO.checkErrorPacket(MysqlIO.java:4096)
	at com.mysql.jdbc.MysqlIO.checkErrorPacket(MysqlIO.java:4028)
	at com.mysql.jdbc.MysqlIO.checkErrorPacket(MysqlIO.java:919)
	at com.mysql.jdbc.MysqlIO.proceedHandshakeWithPluggableAuthentication(MysqlIO.java:1694)
	at com.mysql.jdbc.MysqlIO.doHandshake(MysqlIO.java:1244)
	at com.mysql.jdbc.ConnectionImpl.coreConnect(ConnectionImpl.java:2412)
	at com.mysql.jdbc.ConnectionImpl.connectOneTryOnly(ConnectionImpl.java:2445)
	at com.mysql.jdbc.ConnectionImpl.createNewIO(ConnectionImpl.java:2230)
	at com.mysql.jdbc.ConnectionImpl.&lt;init&gt;(ConnectionImpl.java:813)
	at com.mysql.jdbc.JDBC4Connection.&lt;init&gt;(JDBC4Connection.java:47)
	at java.lang.reflect.Constructor.newInstance(Unknown Source)
	at com.mysql.jdbc.Util.handleNewInstance(Util.java:411)
	at com.mysql.jdbc.ConnectionImpl.getInstance(ConnectionImpl.java:399)
	at com.mysql.jdbc.NonRegisteringDriver.connect(NonRegisteringDriver.java:334)
	at java.sql.DriverManager.getConnection(Unknown Source)
	at java.sql.DriverManager.getConnection(Unknown Source)
	at org.dbunit.JdbcDatabaseTester.getConnection(JdbcDatabaseTester.java:116)
	at es.uvigo.esei.dai.hybridserver.week11.MultipleServersTestCase.setUpJdbc(MultipleServersTestCase.java:109)
</error>
    <error type="java.lang.NullPointerException">java.lang.NullPointerException
	at es.uvigo.esei.dai.hybridserver.week11.MultipleServersTestCase.tearDownJdbc(MultipleServersTestCase.java:140)
</error>
  </testcase>
  <testcase classname="es.uvigo.esei.dai.hybridserver.week11.WelcomeAndListsMultipleServersTestCase" name="testWelcome[Hybrid Server 4]" time="0.024">
    <error message="Access denied for user &apos;hsdb&apos;@&apos;%&apos; to database &apos;hstestdb1&apos;" type="com.mysql.jdbc.exceptions.jdbc4.MySQLSyntaxErrorException">com.mysql.jdbc.exceptions.jdbc4.MySQLSyntaxErrorException: Access denied for user &apos;hsdb&apos;@&apos;%&apos; to database &apos;hstestdb1&apos;
	at java.lang.reflect.Constructor.newInstance(Unknown Source)
	at com.mysql.jdbc.Util.handleNewInstance(Util.java:411)
	at com.mysql.jdbc.Util.getInstance(Util.java:386)
	at com.mysql.jdbc.SQLError.createSQLException(SQLError.java:1053)
	at com.mysql.jdbc.MysqlIO.checkErrorPacket(MysqlIO.java:4096)
	at com.mysql.jdbc.MysqlIO.checkErrorPacket(MysqlIO.java:4028)
	at com.mysql.jdbc.MysqlIO.checkErrorPacket(MysqlIO.java:919)
	at com.mysql.jdbc.MysqlIO.proceedHandshakeWithPluggableAuthentication(MysqlIO.java:1694)
	at com.mysql.jdbc.MysqlIO.doHandshake(MysqlIO.java:1244)
	at com.mysql.jdbc.ConnectionImpl.coreConnect(ConnectionImpl.java:2412)
	at com.mysql.jdbc.ConnectionImpl.connectOneTryOnly(ConnectionImpl.java:2445)
	at com.mysql.jdbc.ConnectionImpl.createNewIO(ConnectionImpl.java:2230)
	at com.mysql.jdbc.ConnectionImpl.&lt;init&gt;(ConnectionImpl.java:813)
	at com.mysql.jdbc.JDBC4Connection.&lt;init&gt;(JDBC4Connection.java:47)
	at java.lang.reflect.Constructor.newInstance(Unknown Source)
	at com.mysql.jdbc.Util.handleNewInstance(Util.java:411)
	at com.mysql.jdbc.ConnectionImpl.getInstance(ConnectionImpl.java:399)
	at com.mysql.jdbc.NonRegisteringDriver.connect(NonRegisteringDriver.java:334)
	at java.sql.DriverManager.getConnection(Unknown Source)
	at java.sql.DriverManager.getConnection(Unknown Source)
	at org.dbunit.JdbcDatabaseTester.getConnection(JdbcDatabaseTester.java:116)
	at es.uvigo.esei.dai.hybridserver.week11.MultipleServersTestCase.setUpJdbc(MultipleServersTestCase.java:109)
</error>
    <error type="java.lang.NullPointerException">java.lang.NullPointerException
	at es.uvigo.esei.dai.hybridserver.week11.MultipleServersTestCase.tearDownJdbc(MultipleServersTestCase.java:140)
</error>
  </testcase>
  <testcase classname="es.uvigo.esei.dai.hybridserver.week11.WelcomeAndListsMultipleServersTestCase" name="testXsltList[Hybrid Server 4]" time="0.029">
    <error message="Access denied for user &apos;hsdb&apos;@&apos;%&apos; to database &apos;hstestdb1&apos;" type="com.mysql.jdbc.exceptions.jdbc4.MySQLSyntaxErrorException">com.mysql.jdbc.exceptions.jdbc4.MySQLSyntaxErrorException: Access denied for user &apos;hsdb&apos;@&apos;%&apos; to database &apos;hstestdb1&apos;
	at java.lang.reflect.Constructor.newInstance(Unknown Source)
	at com.mysql.jdbc.Util.handleNewInstance(Util.java:411)
	at com.mysql.jdbc.Util.getInstance(Util.java:386)
	at com.mysql.jdbc.SQLError.createSQLException(SQLError.java:1053)
	at com.mysql.jdbc.MysqlIO.checkErrorPacket(MysqlIO.java:4096)
	at com.mysql.jdbc.MysqlIO.checkErrorPacket(MysqlIO.java:4028)
	at com.mysql.jdbc.MysqlIO.checkErrorPacket(MysqlIO.java:919)
	at com.mysql.jdbc.MysqlIO.proceedHandshakeWithPluggableAuthentication(MysqlIO.java:1694)
	at com.mysql.jdbc.MysqlIO.doHandshake(MysqlIO.java:1244)
	at com.mysql.jdbc.ConnectionImpl.coreConnect(ConnectionImpl.java:2412)
	at com.mysql.jdbc.ConnectionImpl.connectOneTryOnly(ConnectionImpl.java:2445)
	at com.mysql.jdbc.ConnectionImpl.createNewIO(ConnectionImpl.java:2230)
	at com.mysql.jdbc.ConnectionImpl.&lt;init&gt;(ConnectionImpl.java:813)
	at com.mysql.jdbc.JDBC4Connection.&lt;init&gt;(JDBC4Connection.java:47)
	at java.lang.reflect.Constructor.newInstance(Unknown Source)
	at com.mysql.jdbc.Util.handleNewInstance(Util.java:411)
	at com.mysql.jdbc.ConnectionImpl.getInstance(ConnectionImpl.java:399)
	at com.mysql.jdbc.NonRegisteringDriver.connect(NonRegisteringDriver.java:334)
	at java.sql.DriverManager.getConnection(Unknown Source)
	at java.sql.DriverManager.getConnection(Unknown Source)
	at org.dbunit.JdbcDatabaseTester.getConnection(JdbcDatabaseTester.java:116)
	at es.uvigo.esei.dai.hybridserver.week11.MultipleServersTestCase.setUpJdbc(MultipleServersTestCase.java:109)
</error>
    <error type="java.lang.NullPointerException">java.lang.NullPointerException
	at es.uvigo.esei.dai.hybridserver.week11.MultipleServersTestCase.tearDownJdbc(MultipleServersTestCase.java:140)
</error>
  </testcase>
  <testcase classname="es.uvigo.esei.dai.hybridserver.week11.WelcomeAndListsMultipleServersTestCase" name="testXmlList[Hybrid Server 4]" time="0.029">
    <error message="Access denied for user &apos;hsdb&apos;@&apos;%&apos; to database &apos;hstestdb1&apos;" type="com.mysql.jdbc.exceptions.jdbc4.MySQLSyntaxErrorException">com.mysql.jdbc.exceptions.jdbc4.MySQLSyntaxErrorException: Access denied for user &apos;hsdb&apos;@&apos;%&apos; to database &apos;hstestdb1&apos;
	at java.lang.reflect.Constructor.newInstance(Unknown Source)
	at com.mysql.jdbc.Util.handleNewInstance(Util.java:411)
	at com.mysql.jdbc.Util.getInstance(Util.java:386)
	at com.mysql.jdbc.SQLError.createSQLException(SQLError.java:1053)
	at com.mysql.jdbc.MysqlIO.checkErrorPacket(MysqlIO.java:4096)
	at com.mysql.jdbc.MysqlIO.checkErrorPacket(MysqlIO.java:4028)
	at com.mysql.jdbc.MysqlIO.checkErrorPacket(MysqlIO.java:919)
	at com.mysql.jdbc.MysqlIO.proceedHandshakeWithPluggableAuthentication(MysqlIO.java:1694)
	at com.mysql.jdbc.MysqlIO.doHandshake(MysqlIO.java:1244)
	at com.mysql.jdbc.ConnectionImpl.coreConnect(ConnectionImpl.java:2412)
	at com.mysql.jdbc.ConnectionImpl.connectOneTryOnly(ConnectionImpl.java:2445)
	at com.mysql.jdbc.ConnectionImpl.createNewIO(ConnectionImpl.java:2230)
	at com.mysql.jdbc.ConnectionImpl.&lt;init&gt;(ConnectionImpl.java:813)
	at com.mysql.jdbc.JDBC4Connection.&lt;init&gt;(JDBC4Connection.java:47)
	at java.lang.reflect.Constructor.newInstance(Unknown Source)
	at com.mysql.jdbc.Util.handleNewInstance(Util.java:411)
	at com.mysql.jdbc.ConnectionImpl.getInstance(ConnectionImpl.java:399)
	at com.mysql.jdbc.NonRegisteringDriver.connect(NonRegisteringDriver.java:334)
	at java.sql.DriverManager.getConnection(Unknown Source)
	at java.sql.DriverManager.getConnection(Unknown Source)
	at org.dbunit.JdbcDatabaseTester.getConnection(JdbcDatabaseTester.java:116)
	at es.uvigo.esei.dai.hybridserver.week11.MultipleServersTestCase.setUpJdbc(MultipleServersTestCase.java:109)
</error>
    <error type="java.lang.NullPointerException">java.lang.NullPointerException
	at es.uvigo.esei.dai.hybridserver.week11.MultipleServersTestCase.tearDownJdbc(MultipleServersTestCase.java:140)
</error>
  </testcase>
  <testcase classname="es.uvigo.esei.dai.hybridserver.week11.WelcomeAndListsMultipleServersTestCase" name="testXsdList[Hybrid Server 4]" time="0.031">
    <error message="Access denied for user &apos;hsdb&apos;@&apos;%&apos; to database &apos;hstestdb1&apos;" type="com.mysql.jdbc.exceptions.jdbc4.MySQLSyntaxErrorException">com.mysql.jdbc.exceptions.jdbc4.MySQLSyntaxErrorException: Access denied for user &apos;hsdb&apos;@&apos;%&apos; to database &apos;hstestdb1&apos;
	at java.lang.reflect.Constructor.newInstance(Unknown Source)
	at com.mysql.jdbc.Util.handleNewInstance(Util.java:411)
	at com.mysql.jdbc.Util.getInstance(Util.java:386)
	at com.mysql.jdbc.SQLError.createSQLException(SQLError.java:1053)
	at com.mysql.jdbc.MysqlIO.checkErrorPacket(MysqlIO.java:4096)
	at com.mysql.jdbc.MysqlIO.checkErrorPacket(MysqlIO.java:4028)
	at com.mysql.jdbc.MysqlIO.checkErrorPacket(MysqlIO.java:919)
	at com.mysql.jdbc.MysqlIO.proceedHandshakeWithPluggableAuthentication(MysqlIO.java:1694)
	at com.mysql.jdbc.MysqlIO.doHandshake(MysqlIO.java:1244)
	at com.mysql.jdbc.ConnectionImpl.coreConnect(ConnectionImpl.java:2412)
	at com.mysql.jdbc.ConnectionImpl.connectOneTryOnly(ConnectionImpl.java:2445)
	at com.mysql.jdbc.ConnectionImpl.createNewIO(ConnectionImpl.java:2230)
	at com.mysql.jdbc.ConnectionImpl.&lt;init&gt;(ConnectionImpl.java:813)
	at com.mysql.jdbc.JDBC4Connection.&lt;init&gt;(JDBC4Connection.java:47)
	at java.lang.reflect.Constructor.newInstance(Unknown Source)
	at com.mysql.jdbc.Util.handleNewInstance(Util.java:411)
	at com.mysql.jdbc.ConnectionImpl.getInstance(ConnectionImpl.java:399)
	at com.mysql.jdbc.NonRegisteringDriver.connect(NonRegisteringDriver.java:334)
	at java.sql.DriverManager.getConnection(Unknown Source)
	at java.sql.DriverManager.getConnection(Unknown Source)
	at org.dbunit.JdbcDatabaseTester.getConnection(JdbcDatabaseTester.java:116)
	at es.uvigo.esei.dai.hybridserver.week11.MultipleServersTestCase.setUpJdbc(MultipleServersTestCase.java:109)
</error>
    <error type="java.lang.NullPointerException">java.lang.NullPointerException
	at es.uvigo.esei.dai.hybridserver.week11.MultipleServersTestCase.tearDownJdbc(MultipleServersTestCase.java:140)
</error>
  </testcase>
  <testcase classname="es.uvigo.esei.dai.hybridserver.week11.HtmlMultipleServersTestCase" name="testGetLocales[Hybrid Server 1]" time="0.028">
    <error message="Access denied for user &apos;hsdb&apos;@&apos;%&apos; to database &apos;hstestdb1&apos;" type="com.mysql.jdbc.exceptions.jdbc4.MySQLSyntaxErrorException">com.mysql.jdbc.exceptions.jdbc4.MySQLSyntaxErrorException: Access denied for user &apos;hsdb&apos;@&apos;%&apos; to database &apos;hstestdb1&apos;
	at java.lang.reflect.Constructor.newInstance(Unknown Source)
	at com.mysql.jdbc.Util.handleNewInstance(Util.java:411)
	at com.mysql.jdbc.Util.getInstance(Util.java:386)
	at com.mysql.jdbc.SQLError.createSQLException(SQLError.java:1053)
	at com.mysql.jdbc.MysqlIO.checkErrorPacket(MysqlIO.java:4096)
	at com.mysql.jdbc.MysqlIO.checkErrorPacket(MysqlIO.java:4028)
	at com.mysql.jdbc.MysqlIO.checkErrorPacket(MysqlIO.java:919)
	at com.mysql.jdbc.MysqlIO.proceedHandshakeWithPluggableAuthentication(MysqlIO.java:1694)
	at com.mysql.jdbc.MysqlIO.doHandshake(MysqlIO.java:1244)
	at com.mysql.jdbc.ConnectionImpl.coreConnect(ConnectionImpl.java:2412)
	at com.mysql.jdbc.ConnectionImpl.connectOneTryOnly(ConnectionImpl.java:2445)
	at com.mysql.jdbc.ConnectionImpl.createNewIO(ConnectionImpl.java:2230)
	at com.mysql.jdbc.ConnectionImpl.&lt;init&gt;(ConnectionImpl.java:813)
	at com.mysql.jdbc.JDBC4Connection.&lt;init&gt;(JDBC4Connection.java:47)
	at java.lang.reflect.Constructor.newInstance(Unknown Source)
	at com.mysql.jdbc.Util.handleNewInstance(Util.java:411)
	at com.mysql.jdbc.ConnectionImpl.getInstance(ConnectionImpl.java:399)
	at com.mysql.jdbc.NonRegisteringDriver.connect(NonRegisteringDriver.java:334)
	at java.sql.DriverManager.getConnection(Unknown Source)
	at java.sql.DriverManager.getConnection(Unknown Source)
	at org.dbunit.JdbcDatabaseTester.getConnection(JdbcDatabaseTester.java:116)
	at es.uvigo.esei.dai.hybridserver.week11.MultipleServersTestCase.setUpJdbc(MultipleServersTestCase.java:109)
</error>
    <error type="java.lang.NullPointerException">java.lang.NullPointerException
	at es.uvigo.esei.dai.hybridserver.week11.MultipleServersTestCase.tearDownJdbc(MultipleServersTestCase.java:140)
</error>
  </testcase>
  <testcase classname="es.uvigo.esei.dai.hybridserver.week11.HtmlMultipleServersTestCase" name="testGetRemotes[Hybrid Server 1]" time="0.025">
    <error message="Access denied for user &apos;hsdb&apos;@&apos;%&apos; to database &apos;hstestdb1&apos;" type="com.mysql.jdbc.exceptions.jdbc4.MySQLSyntaxErrorException">com.mysql.jdbc.exceptions.jdbc4.MySQLSyntaxErrorException: Access denied for user &apos;hsdb&apos;@&apos;%&apos; to database &apos;hstestdb1&apos;
	at java.lang.reflect.Constructor.newInstance(Unknown Source)
	at com.mysql.jdbc.Util.handleNewInstance(Util.java:411)
	at com.mysql.jdbc.Util.getInstance(Util.java:386)
	at com.mysql.jdbc.SQLError.createSQLException(SQLError.java:1053)
	at com.mysql.jdbc.MysqlIO.checkErrorPacket(MysqlIO.java:4096)
	at com.mysql.jdbc.MysqlIO.checkErrorPacket(MysqlIO.java:4028)
	at com.mysql.jdbc.MysqlIO.checkErrorPacket(MysqlIO.java:919)
	at com.mysql.jdbc.MysqlIO.proceedHandshakeWithPluggableAuthentication(MysqlIO.java:1694)
	at com.mysql.jdbc.MysqlIO.doHandshake(MysqlIO.java:1244)
	at com.mysql.jdbc.ConnectionImpl.coreConnect(ConnectionImpl.java:2412)
	at com.mysql.jdbc.ConnectionImpl.connectOneTryOnly(ConnectionImpl.java:2445)
	at com.mysql.jdbc.ConnectionImpl.createNewIO(ConnectionImpl.java:2230)
	at com.mysql.jdbc.ConnectionImpl.&lt;init&gt;(ConnectionImpl.java:813)
	at com.mysql.jdbc.JDBC4Connection.&lt;init&gt;(JDBC4Connection.java:47)
	at java.lang.reflect.Constructor.newInstance(Unknown Source)
	at com.mysql.jdbc.Util.handleNewInstance(Util.java:411)
	at com.mysql.jdbc.ConnectionImpl.getInstance(ConnectionImpl.java:399)
	at com.mysql.jdbc.NonRegisteringDriver.connect(NonRegisteringDriver.java:334)
	at java.sql.DriverManager.getConnection(Unknown Source)
	at java.sql.DriverManager.getConnection(Unknown Source)
	at org.dbunit.JdbcDatabaseTester.getConnection(JdbcDatabaseTester.java:116)
	at es.uvigo.esei.dai.hybridserver.week11.MultipleServersTestCase.setUpJdbc(MultipleServersTestCase.java:109)
</error>
    <error type="java.lang.NullPointerException">java.lang.NullPointerException
	at es.uvigo.esei.dai.hybridserver.week11.MultipleServersTestCase.tearDownJdbc(MultipleServersTestCase.java:140)
</error>
  </testcase>
  <testcase classname="es.uvigo.esei.dai.hybridserver.week11.HtmlMultipleServersTestCase" name="testInvalid[Hybrid Server 1]" time="0.025">
    <error message="Access denied for user &apos;hsdb&apos;@&apos;%&apos; to database &apos;hstestdb1&apos;" type="com.mysql.jdbc.exceptions.jdbc4.MySQLSyntaxErrorException">com.mysql.jdbc.exceptions.jdbc4.MySQLSyntaxErrorException: Access denied for user &apos;hsdb&apos;@&apos;%&apos; to database &apos;hstestdb1&apos;
	at java.lang.reflect.Constructor.newInstance(Unknown Source)
	at com.mysql.jdbc.Util.handleNewInstance(Util.java:411)
	at com.mysql.jdbc.Util.getInstance(Util.java:386)
	at com.mysql.jdbc.SQLError.createSQLException(SQLError.java:1053)
	at com.mysql.jdbc.MysqlIO.checkErrorPacket(MysqlIO.java:4096)
	at com.mysql.jdbc.MysqlIO.checkErrorPacket(MysqlIO.java:4028)
	at com.mysql.jdbc.MysqlIO.checkErrorPacket(MysqlIO.java:919)
	at com.mysql.jdbc.MysqlIO.proceedHandshakeWithPluggableAuthentication(MysqlIO.java:1694)
	at com.mysql.jdbc.MysqlIO.doHandshake(MysqlIO.java:1244)
	at com.mysql.jdbc.ConnectionImpl.coreConnect(ConnectionImpl.java:2412)
	at com.mysql.jdbc.ConnectionImpl.connectOneTryOnly(ConnectionImpl.java:2445)
	at com.mysql.jdbc.ConnectionImpl.createNewIO(ConnectionImpl.java:2230)
	at com.mysql.jdbc.ConnectionImpl.&lt;init&gt;(ConnectionImpl.java:813)
	at com.mysql.jdbc.JDBC4Connection.&lt;init&gt;(JDBC4Connection.java:47)
	at java.lang.reflect.Constructor.newInstance(Unknown Source)
	at com.mysql.jdbc.Util.handleNewInstance(Util.java:411)
	at com.mysql.jdbc.ConnectionImpl.getInstance(ConnectionImpl.java:399)
	at com.mysql.jdbc.NonRegisteringDriver.connect(NonRegisteringDriver.java:334)
	at java.sql.DriverManager.getConnection(Unknown Source)
	at java.sql.DriverManager.getConnection(Unknown Source)
	at org.dbunit.JdbcDatabaseTester.getConnection(JdbcDatabaseTester.java:116)
	at es.uvigo.esei.dai.hybridserver.week11.MultipleServersTestCase.setUpJdbc(MultipleServersTestCase.java:109)
</error>
    <error type="java.lang.NullPointerException">java.lang.NullPointerException
	at es.uvigo.esei.dai.hybridserver.week11.MultipleServersTestCase.tearDownJdbc(MultipleServersTestCase.java:140)
</error>
  </testcase>
  <testcase classname="es.uvigo.esei.dai.hybridserver.week11.HtmlMultipleServersTestCase" name="testGetLocales[Hybrid Server 2]" time="0.029">
    <error message="Access denied for user &apos;hsdb&apos;@&apos;%&apos; to database &apos;hstestdb1&apos;" type="com.mysql.jdbc.exceptions.jdbc4.MySQLSyntaxErrorException">com.mysql.jdbc.exceptions.jdbc4.MySQLSyntaxErrorException: Access denied for user &apos;hsdb&apos;@&apos;%&apos; to database &apos;hstestdb1&apos;
	at java.lang.reflect.Constructor.newInstance(Unknown Source)
	at com.mysql.jdbc.Util.handleNewInstance(Util.java:411)
	at com.mysql.jdbc.Util.getInstance(Util.java:386)
	at com.mysql.jdbc.SQLError.createSQLException(SQLError.java:1053)
	at com.mysql.jdbc.MysqlIO.checkErrorPacket(MysqlIO.java:4096)
	at com.mysql.jdbc.MysqlIO.checkErrorPacket(MysqlIO.java:4028)
	at com.mysql.jdbc.MysqlIO.checkErrorPacket(MysqlIO.java:919)
	at com.mysql.jdbc.MysqlIO.proceedHandshakeWithPluggableAuthentication(MysqlIO.java:1694)
	at com.mysql.jdbc.MysqlIO.doHandshake(MysqlIO.java:1244)
	at com.mysql.jdbc.ConnectionImpl.coreConnect(ConnectionImpl.java:2412)
	at com.mysql.jdbc.ConnectionImpl.connectOneTryOnly(ConnectionImpl.java:2445)
	at com.mysql.jdbc.ConnectionImpl.createNewIO(ConnectionImpl.java:2230)
	at com.mysql.jdbc.ConnectionImpl.&lt;init&gt;(ConnectionImpl.java:813)
	at com.mysql.jdbc.JDBC4Connection.&lt;init&gt;(JDBC4Connection.java:47)
	at java.lang.reflect.Constructor.newInstance(Unknown Source)
	at com.mysql.jdbc.Util.handleNewInstance(Util.java:411)
	at com.mysql.jdbc.ConnectionImpl.getInstance(ConnectionImpl.java:399)
	at com.mysql.jdbc.NonRegisteringDriver.connect(NonRegisteringDriver.java:334)
	at java.sql.DriverManager.getConnection(Unknown Source)
	at java.sql.DriverManager.getConnection(Unknown Source)
	at org.dbunit.JdbcDatabaseTester.getConnection(JdbcDatabaseTester.java:116)
	at es.uvigo.esei.dai.hybridserver.week11.MultipleServersTestCase.setUpJdbc(MultipleServersTestCase.java:109)
</error>
    <error type="java.lang.NullPointerException">java.lang.NullPointerException
	at es.uvigo.esei.dai.hybridserver.week11.MultipleServersTestCase.tearDownJdbc(MultipleServersTestCase.java:140)
</error>
  </testcase>
  <testcase classname="es.uvigo.esei.dai.hybridserver.week11.HtmlMultipleServersTestCase" name="testGetRemotes[Hybrid Server 2]" time="0.028">
    <error message="Access denied for user &apos;hsdb&apos;@&apos;%&apos; to database &apos;hstestdb1&apos;" type="com.mysql.jdbc.exceptions.jdbc4.MySQLSyntaxErrorException">com.mysql.jdbc.exceptions.jdbc4.MySQLSyntaxErrorException: Access denied for user &apos;hsdb&apos;@&apos;%&apos; to database &apos;hstestdb1&apos;
	at java.lang.reflect.Constructor.newInstance(Unknown Source)
	at com.mysql.jdbc.Util.handleNewInstance(Util.java:411)
	at com.mysql.jdbc.Util.getInstance(Util.java:386)
	at com.mysql.jdbc.SQLError.createSQLException(SQLError.java:1053)
	at com.mysql.jdbc.MysqlIO.checkErrorPacket(MysqlIO.java:4096)
	at com.mysql.jdbc.MysqlIO.checkErrorPacket(MysqlIO.java:4028)
	at com.mysql.jdbc.MysqlIO.checkErrorPacket(MysqlIO.java:919)
	at com.mysql.jdbc.MysqlIO.proceedHandshakeWithPluggableAuthentication(MysqlIO.java:1694)
	at com.mysql.jdbc.MysqlIO.doHandshake(MysqlIO.java:1244)
	at com.mysql.jdbc.ConnectionImpl.coreConnect(ConnectionImpl.java:2412)
	at com.mysql.jdbc.ConnectionImpl.connectOneTryOnly(ConnectionImpl.java:2445)
	at com.mysql.jdbc.ConnectionImpl.createNewIO(ConnectionImpl.java:2230)
	at com.mysql.jdbc.ConnectionImpl.&lt;init&gt;(ConnectionImpl.java:813)
	at com.mysql.jdbc.JDBC4Connection.&lt;init&gt;(JDBC4Connection.java:47)
	at java.lang.reflect.Constructor.newInstance(Unknown Source)
	at com.mysql.jdbc.Util.handleNewInstance(Util.java:411)
	at com.mysql.jdbc.ConnectionImpl.getInstance(ConnectionImpl.java:399)
	at com.mysql.jdbc.NonRegisteringDriver.connect(NonRegisteringDriver.java:334)
	at java.sql.DriverManager.getConnection(Unknown Source)
	at java.sql.DriverManager.getConnection(Unknown Source)
	at org.dbunit.JdbcDatabaseTester.getConnection(JdbcDatabaseTester.java:116)
	at es.uvigo.esei.dai.hybridserver.week11.MultipleServersTestCase.setUpJdbc(MultipleServersTestCase.java:109)
</error>
    <error type="java.lang.NullPointerException">java.lang.NullPointerException
	at es.uvigo.esei.dai.hybridserver.week11.MultipleServersTestCase.tearDownJdbc(MultipleServersTestCase.java:140)
</error>
  </testcase>
  <testcase classname="es.uvigo.esei.dai.hybridserver.week11.HtmlMultipleServersTestCase" name="testInvalid[Hybrid Server 2]" time="0.022">
    <error message="Access denied for user &apos;hsdb&apos;@&apos;%&apos; to database &apos;hstestdb1&apos;" type="com.mysql.jdbc.exceptions.jdbc4.MySQLSyntaxErrorException">com.mysql.jdbc.exceptions.jdbc4.MySQLSyntaxErrorException: Access denied for user &apos;hsdb&apos;@&apos;%&apos; to database &apos;hstestdb1&apos;
	at java.lang.reflect.Constructor.newInstance(Unknown Source)
	at com.mysql.jdbc.Util.handleNewInstance(Util.java:411)
	at com.mysql.jdbc.Util.getInstance(Util.java:386)
	at com.mysql.jdbc.SQLError.createSQLException(SQLError.java:1053)
	at com.mysql.jdbc.MysqlIO.checkErrorPacket(MysqlIO.java:4096)
	at com.mysql.jdbc.MysqlIO.checkErrorPacket(MysqlIO.java:4028)
	at com.mysql.jdbc.MysqlIO.checkErrorPacket(MysqlIO.java:919)
	at com.mysql.jdbc.MysqlIO.proceedHandshakeWithPluggableAuthentication(MysqlIO.java:1694)
	at com.mysql.jdbc.MysqlIO.doHandshake(MysqlIO.java:1244)
	at com.mysql.jdbc.ConnectionImpl.coreConnect(ConnectionImpl.java:2412)
	at com.mysql.jdbc.ConnectionImpl.connectOneTryOnly(ConnectionImpl.java:2445)
	at com.mysql.jdbc.ConnectionImpl.createNewIO(ConnectionImpl.java:2230)
	at com.mysql.jdbc.ConnectionImpl.&lt;init&gt;(ConnectionImpl.java:813)
	at com.mysql.jdbc.JDBC4Connection.&lt;init&gt;(JDBC4Connection.java:47)
	at java.lang.reflect.Constructor.newInstance(Unknown Source)
	at com.mysql.jdbc.Util.handleNewInstance(Util.java:411)
	at com.mysql.jdbc.ConnectionImpl.getInstance(ConnectionImpl.java:399)
	at com.mysql.jdbc.NonRegisteringDriver.connect(NonRegisteringDriver.java:334)
	at java.sql.DriverManager.getConnection(Unknown Source)
	at java.sql.DriverManager.getConnection(Unknown Source)
	at org.dbunit.JdbcDatabaseTester.getConnection(JdbcDatabaseTester.java:116)
	at es.uvigo.esei.dai.hybridserver.week11.MultipleServersTestCase.setUpJdbc(MultipleServersTestCase.java:109)
</error>
    <error type="java.lang.NullPointerException">java.lang.NullPointerException
	at es.uvigo.esei.dai.hybridserver.week11.MultipleServersTestCase.tearDownJdbc(MultipleServersTestCase.java:140)
</error>
  </testcase>
  <testcase classname="es.uvigo.esei.dai.hybridserver.week11.HtmlMultipleServersTestCase" name="testGetLocales[Hybrid Server 3]" time="0.023">
    <error message="Access denied for user &apos;hsdb&apos;@&apos;%&apos; to database &apos;hstestdb1&apos;" type="com.mysql.jdbc.exceptions.jdbc4.MySQLSyntaxErrorException">com.mysql.jdbc.exceptions.jdbc4.MySQLSyntaxErrorException: Access denied for user &apos;hsdb&apos;@&apos;%&apos; to database &apos;hstestdb1&apos;
	at java.lang.reflect.Constructor.newInstance(Unknown Source)
	at com.mysql.jdbc.Util.handleNewInstance(Util.java:411)
	at com.mysql.jdbc.Util.getInstance(Util.java:386)
	at com.mysql.jdbc.SQLError.createSQLException(SQLError.java:1053)
	at com.mysql.jdbc.MysqlIO.checkErrorPacket(MysqlIO.java:4096)
	at com.mysql.jdbc.MysqlIO.checkErrorPacket(MysqlIO.java:4028)
	at com.mysql.jdbc.MysqlIO.checkErrorPacket(MysqlIO.java:919)
	at com.mysql.jdbc.MysqlIO.proceedHandshakeWithPluggableAuthentication(MysqlIO.java:1694)
	at com.mysql.jdbc.MysqlIO.doHandshake(MysqlIO.java:1244)
	at com.mysql.jdbc.ConnectionImpl.coreConnect(ConnectionImpl.java:2412)
	at com.mysql.jdbc.ConnectionImpl.connectOneTryOnly(ConnectionImpl.java:2445)
	at com.mysql.jdbc.ConnectionImpl.createNewIO(ConnectionImpl.java:2230)
	at com.mysql.jdbc.ConnectionImpl.&lt;init&gt;(ConnectionImpl.java:813)
	at com.mysql.jdbc.JDBC4Connection.&lt;init&gt;(JDBC4Connection.java:47)
	at java.lang.reflect.Constructor.newInstance(Unknown Source)
	at com.mysql.jdbc.Util.handleNewInstance(Util.java:411)
	at com.mysql.jdbc.ConnectionImpl.getInstance(ConnectionImpl.java:399)
	at com.mysql.jdbc.NonRegisteringDriver.connect(NonRegisteringDriver.java:334)
	at java.sql.DriverManager.getConnection(Unknown Source)
	at java.sql.DriverManager.getConnection(Unknown Source)
	at org.dbunit.JdbcDatabaseTester.getConnection(JdbcDatabaseTester.java:116)
	at es.uvigo.esei.dai.hybridserver.week11.MultipleServersTestCase.setUpJdbc(MultipleServersTestCase.java:109)
</error>
    <error type="java.lang.NullPointerException">java.lang.NullPointerException
	at es.uvigo.esei.dai.hybridserver.week11.MultipleServersTestCase.tearDownJdbc(MultipleServersTestCase.java:140)
</error>
  </testcase>
  <testcase classname="es.uvigo.esei.dai.hybridserver.week11.HtmlMultipleServersTestCase" name="testGetRemotes[Hybrid Server 3]" time="0.025">
    <error message="Access denied for user &apos;hsdb&apos;@&apos;%&apos; to database &apos;hstestdb1&apos;" type="com.mysql.jdbc.exceptions.jdbc4.MySQLSyntaxErrorException">com.mysql.jdbc.exceptions.jdbc4.MySQLSyntaxErrorException: Access denied for user &apos;hsdb&apos;@&apos;%&apos; to database &apos;hstestdb1&apos;
	at java.lang.reflect.Constructor.newInstance(Unknown Source)
	at com.mysql.jdbc.Util.handleNewInstance(Util.java:411)
	at com.mysql.jdbc.Util.getInstance(Util.java:386)
	at com.mysql.jdbc.SQLError.createSQLException(SQLError.java:1053)
	at com.mysql.jdbc.MysqlIO.checkErrorPacket(MysqlIO.java:4096)
	at com.mysql.jdbc.MysqlIO.checkErrorPacket(MysqlIO.java:4028)
	at com.mysql.jdbc.MysqlIO.checkErrorPacket(MysqlIO.java:919)
	at com.mysql.jdbc.MysqlIO.proceedHandshakeWithPluggableAuthentication(MysqlIO.java:1694)
	at com.mysql.jdbc.MysqlIO.doHandshake(MysqlIO.java:1244)
	at com.mysql.jdbc.ConnectionImpl.coreConnect(ConnectionImpl.java:2412)
	at com.mysql.jdbc.ConnectionImpl.connectOneTryOnly(ConnectionImpl.java:2445)
	at com.mysql.jdbc.ConnectionImpl.createNewIO(ConnectionImpl.java:2230)
[...]
Address already in use: JVM_Bind
IOException en switch HybridServer.java
Address already in use: JVM_Bind
IOException en switch HybridServer.java
Address already in use: JVM_Bind
IOException en switch HybridServer.java
Address already in use: JVM_Bind
IOException en switch HybridServer.java
Address already in use: JVM_Bind
IOException en switch HybridServer.java
Address already in use: JVM_Bind
IOException en switch HybridServer.java
Address already in use: JVM_Bind
IOException en switch HybridServer.java
Address already in use: JVM_Bind
IOException en switch HybridServer.java
Address already in use: JVM_Bind
IOException en switch HybridServer.java
Address already in use: JVM_Bind
IOException en switch HybridServer.java
Address already in use: JVM_Bind
IOException en switch HybridServer.java
Address already in use: JVM_Bind
IOException en switch HybridServer.java
Address already in use: JVM_Bind
IOException en switch HybridServer.java
Address already in use: JVM_Bind
IOException en switch HybridServer.java
Address already in use: JVM_Bind
IOException en switch HybridServer.java
Address already in use: JVM_Bind
IOException en switch HybridServer.java
Address already in use: JVM_Bind
IOException en switch HybridServer.java
Address already in use: JVM_Bind
IOException en switch HybridServer.java
Address already in use: JVM_Bind
IOException en switch HybridServer.java
Address already in use: JVM_Bind
IOException en switch HybridServer.java
Address already in use: JVM_Bind
IOException en switch HybridServer.java
Address already in use: JVM_Bind
IOException en switch HybridServer.java
Address already in use: JVM_Bind
IOException en switch HybridServer.java
Address already in use: JVM_Bind
IOException en switch HybridServer.java
Address already in use: JVM_Bind
IOException en switch HybridServer.java
Address already in use: JVM_Bind
IOException en switch HybridServer.java
Address already in use: JVM_Bind
IOException en switch HybridServer.java
Address already in use: JVM_Bind
IOException en switch HybridServer.java
Address already in use: JVM_Bind
IOException en switch HybridServer.java
Address already in use: JVM_Bind
IOException en switch HybridServer.java
Address already in use: JVM_Bind
IOException en switch HybridServer.java
Address already in use: JVM_Bind
IOException en switch HybridServer.java
Address already in use: JVM_Bind
IOException en switch HybridServer.java
Address already in use: JVM_Bind
IOException en switch HybridServer.java
Address already in use: JVM_Bind
IOException en switch HybridServer.java
Address already in use: JVM_Bind
IOException en switch HybridServer.java
Address already in use: JVM_Bind
IOException en switch HybridServer.java
Address already in use: JVM_Bind
IOException en switch HybridServer.java
Address already in use: JVM_Bind
IOException en switch HybridServer.java
Address already in use: JVM_Bind
IOException en switch HybridServer.java
Address already in use: JVM_Bind
IOException en switch HybridServer.java
Address already in use: JVM_Bind
IOException en switch HybridServer.java
Address already in use: JVM_Bind
IOException en switch HybridServer.java
Address already in use: JVM_Bind
IOException en switch HybridServer.java
Address already in use: JVM_Bind
IOException en switch HybridServer.java
Address already in use: JVM_Bind
IOException en switch HybridServer.java
Address already in use: JVM_Bind
IOException en switch HybridServer.java
Address already in use: JVM_Bind
IOException en switch HybridServer.java
Address already in use: JVM_Bind
IOException en switch HybridServer.java
Address already in use: JVM_Bind
IOException en switch HybridServer.java
Address already in use: JVM_Bind
IOException en switch HybridServer.java
Address already in use: JVM_Bind
IOException en switch HybridServer.java
Address already in use: JVM_Bind
IOException en switch HybridServer.java
Address already in use: JVM_Bind
IOException en switch HybridServer.java
Address already in use: JVM_Bind
IOException en switch HybridServer.java
Address already in use: JVM_Bind
IOException en switch HybridServer.java
Address already in use: JVM_Bind
IOException en switch HybridServer.java
Address already in use: JVM_Bind
IOException en switch HybridServer.java
Address already in use: JVM_Bind
IOException en switch HybridServer.java
Address already in use: JVM_Bind
IOException en switch HybridServer.java
Address already in use: JVM_Bind
IOException en switch HybridServer.java
Address already in use: JVM_Bind
IOException en switch HybridServer.java
Address already in use: JVM_Bind
IOException en switch HybridServer.java
Address already in use: JVM_Bind
IOException en switch HybridServer.java
Address already in use: JVM_Bind
IOException en switch HybridServer.java
Address already in use: JVM_Bind
IOException en switch HybridServer.java
Address already in use: JVM_Bind
IOException en switch HybridServer.java
Address already in use: JVM_Bind
IOException en switch HybridServer.java
Address already in use: JVM_Bind
IOException en switch HybridServer.java
Address already in use: JVM_Bind
IOException en switch HybridServer.java
Address already in use: JVM_Bind
IOException en switch HybridServer.java
Address already in use: JVM_Bind
IOException en switch HybridServer.java
Address already in use: JVM_Bind
IOException en switch HybridServer.java
Address already in use: JVM_Bind
IOException en switch HybridServer.java
Address already in use: JVM_Bind
IOException en switch HybridServer.java
Address already in use: JVM_Bind
IOException en switch HybridServer.java
Address already in use: JVM_Bind
IOException en switch HybridServer.java
Address already in use: JVM_Bind
IOException en switch HybridServer.java
Address already in use: JVM_Bind
IOException en switch HybridServer.java
Address already in use: JVM_Bind
IOException en switch HybridServer.java
Address already in use: JVM_Bind
IOException en switch HybridServer.java
Address already in use: JVM_Bind
IOException en switch HybridServer.java
Address already in use: JVM_Bind
IOException en switch HybridServer.java
Address already in use: JVM_Bind
IOException en switch HybridServer.java
Address already in use: JVM_Bind
IOException en switch HybridServer.java
Address already in use: JVM_Bind
IOException en switch HybridServer.java
Address already in use: JVM_Bind
IOException en switch HybridServer.java
Address already in use: JVM_Bind
IOException en switch HybridServer.java
Address already in use: JVM_Bind
IOException en switch HybridServer.java
Address already in use: JVM_Bind
IOException en switch HybridServer.java
Address already in use: JVM_Bind
IOException en switch HybridServer.java
Address already in use: JVM_Bind
IOException en switch HybridServer.java
Address already in use: JVM_Bind
IOException en switch HybridServer.java
Address already in use: JVM_Bind
IOException en switch HybridServer.java
Address already in use: JVM_Bind
IOException en switch HybridServer.java
Address already in use: JVM_Bind
IOException en switch HybridServer.java
Address already in use: JVM_Bind
IOException en switch HybridServer.java
Address already in use: JVM_Bind
IOException en switch HybridServer.java
Address already in use: JVM_Bind
IOException en switch HybridServer.java
Address already in use: JVM_Bind
IOException en switch HybridServer.java
Address already in use: JVM_Bind
IOException en switch HybridServer.java
Address already in use: JVM_Bind
IOException en switch HybridServer.java
Address already in use: JVM_Bind
IOException en switch HybridServer.java
Address already in use: JVM_Bind
IOException en switch HybridServer.java
Address already in use: JVM_Bind
IOException en switch HybridServer.java
Address already in use: JVM_Bind
IOException en switch HybridServer.java
Address already in use: JVM_Bind
IOException en switch HybridServer.java
Address already in use: JVM_Bind
IOException en switch HybridServer.java
Address already in use: JVM_Bind
IOException en switch HybridServer.java
Address already in use: JVM_Bind
IOException en switch HybridServer.java
Address already in use: JVM_Bind
IOException en switch HybridServer.java
Address already in use: JVM_Bind
IOException en switch HybridServer.java
Address already in use: JVM_Bind
IOException en switch HybridServer.java
Address already in use: JVM_Bind
IOException en switch HybridServer.java
Address already in use: JVM_Bind
IOException en switch HybridServer.java
Address already in use: JVM_Bind
IOException en switch HybridServer.java
Address already in use: JVM_Bind
IOException en switch HybridServer.java
Address already in use: JVM_Bind
IOException en switch HybridServer.java
Address already in use: JVM_Bind
IOException en switch HybridServer.java
Address already in use: JVM_Bind
IOException en switch HybridServer.java
Address already in use: JVM_Bind
IOException en switch HybridServer.java
Address already in use: JVM_Bind
IOException en switch HybridServer.java
Address already in use: JVM_Bind
IOException en switch HybridServer.java
Address already in use: JVM_Bind
IOException en switch HybridServer.java
Address already in use: JVM_Bind
IOException en switch HybridServer.java
Address already in use: JVM_Bind
IOException en switch HybridServer.java
Address already in use: JVM_Bind
IOException en switch HybridServer.java
Address already in use: JVM_Bind
IOException en switch HybridServer.java
Address already in use: JVM_Bind
IOException en switch HybridServer.java
Address already in use: JVM_Bind
IOException en switch HybridServer.java
Address already in use: JVM_Bind
IOException en switch HybridServer.java
Address already in use: JVM_Bind
IOException en switch HybridServer.java
Address already in use: JVM_Bind
IOException en switch HybridServer.java
Address already in use: JVM_Bind
IOException en switch HybridServer.java
Address already in use: JVM_Bind
IOException en switch HybridServer.java
Address already in use: JVM_Bind
IOException en switch HybridServer.java
Address already in use: JVM_Bind
IOException en switch HybridServer.java
Address already in use: JVM_Bind
IOException en switch HybridServer.java
Address already in use: JVM_Bind
IOException en switch HybridServer.java
Address already in use: JVM_Bind
IOException en switch HybridServer.java
Address already in use: JVM_Bind
IOException en switch HybridServer.java
Address already in use: JVM_Bind
IOException en switch HybridServer.java
Address already in use: JVM_Bind
IOException en switch HybridServer.java
Address already in use: JVM_Bind
IOException en switch HybridServer.java
Address already in use: JVM_Bind
IOException en switch HybridServer.java
Address already in use: JVM_Bind
IOException en switch HybridServer.java
Address already in use: JVM_Bind
IOException en switch HybridServer.java
Address already in use: JVM_Bind
IOException en switch HybridServer.java
Address already in use: JVM_Bind
IOException en switch HybridServer.java
Address already in use: JVM_Bind
IOException en switch HybridServer.java
Address already in use: JVM_Bind
IOException en switch HybridServer.java
Address already in use: JVM_Bind
IOException en switch HybridServer.java
Address already in use: JVM_Bind
IOException en switch HybridServer.java
Address already in use: JVM_Bind
IOException en switch HybridServer.java
Address already in use: JVM_Bind
IOException en switch HybridServer.java
Address already in use: JVM_Bind
IOException en switch HybridServer.java
Address already in use: JVM_Bind
IOException en switch HybridServer.java
Address already in use: JVM_Bind
IOException en switch HybridServer.java
Address already in use: JVM_Bind
IOException en switch HybridServer.java
Address already in use: JVM_Bind
IOException en switch HybridServer.java
Address already in use: JVM_Bind
IOException en switch HybridServer.java
Address already in use: JVM_Bind
IOException en switch HybridServer.java
Address already in use: JVM_Bind
IOException en switch HybridServer.java
Address already in use: JVM_Bind
IOException en switch HybridServer.java
Address already in use: JVM_Bind
IOException en switch HybridServer.java
Address already in use: JVM_Bind
IOException en switch HybridServer.java
Address already in use: JVM_Bind
IOException en switch HybridServer.java
Address already in use: JVM_Bind
IOException en switch HybridServer.java
Address already in use: JVM_Bind
IOException en switch HybridServer.java
Address already in use: JVM_Bind
IOException en switch HybridServer.java
Address already in use: JVM_Bind
IOException en switch HybridServer.java
Address already in use: JVM_Bind
IOException en switch HybridServer.java
Address already in use: JVM_Bind
IOException en switch HybridServer.java
Address already in use: JVM_Bind
IOException en switch HybridServer.java
Address already in use: JVM_Bind
IOException en switch HybridServer.java
Address already in use: JVM_Bind
IOException en switch HybridServer.java
Address already in use: JVM_Bind
IOException en switch HybridServer.java
Address already in use: JVM_Bind
IOException en switch HybridServer.java
Address already in use: JVM_Bind
IOException en switch HybridServer.java
Address already in use: JVM_Bind
IOException en switch HybridServer.java
Address already in use: JVM_Bind
IOException en switch HybridServer.java
Address already in use: JVM_Bind
IOException en switch HybridServer.java
Address already in use: JVM_Bind
IOException en switch HybridServer.java
Address already in use: JVM_Bind
IOException en switch HybridServer.java
Address already in use: JVM_Bind
IOException en switch HybridServer.java
Address already in use: JVM_Bind
IOException en switch HybridServer.java
Address already in use: JVM_Bind
IOException en switch HybridServer.java
Address already in use: JVM_Bind
IOException en switch HybridServer.java
Address already in use: JVM_Bind
IOException en switch HybridServer.java
Address already in use: JVM_Bind
IOException en switch HybridServer.java
Address already in use: JVM_Bind
IOException en switch HybridServer.java
Address already in use: JVM_Bind
IOException en switch HybridServer.java
Address already in use: JVM_Bind
IOException en switch HybridServer.java
Address already in use: JVM_Bind
IOException en switch HybridServer.java
Address already in use: JVM_Bind
IOException en switch HybridServer.java
Address already in use: JVM_Bind
IOException en switch HybridServer.java
Address already in use: JVM_Bind
IOException en switch HybridServer.java
Address already in use: JVM_Bind
IOException en switch HybridServer.java
Address already in use: JVM_Bind
IOException en switch HybridServer.java
Address already in use: JVM_Bind
IOException en switch HybridServer.java
Address already in use: JVM_Bind
IOException en switch HybridServer.java
Address already in use: JVM_Bind
IOException en switch HybridServer.java
Address already in use: JVM_Bind
IOException en switch HybridServer.java
Address already in use: JVM_Bind
IOException en switch HybridServer.java
Address already in use: JVM_Bind
IOException en switch HybridServer.java
Address already in use: JVM_Bind
IOException en switch HybridServer.java
Address already in use: JVM_Bind
IOException en switch HybridServer.java
Address already in use: JVM_Bind
IOException en switch HybridServer.java
Address already in use: JVM_Bind
IOException en switch HybridServer.java
Address already in use: JVM_Bind
IOException en switch HybridServer.java
Address already in use: JVM_Bind
IOException en switch HybridServer.java
Address already in use: JVM_Bind
IOException en switch HybridServer.java
Address already in use: JVM_Bind
IOException en switch HybridServer.java
Address already in use: JVM_Bind
IOException en switch HybridServer.java
Address already in use: JVM_Bind
IOException en switch HybridServer.java
Address already in use: JVM_Bind
IOException en switch HybridServer.java
Address already in use: JVM_Bind
IOException en switch HybridServer.java
Address already in use: JVM_Bind
IOException en switch HybridServer.java
Address already in use: JVM_Bind
IOException en switch HybridServer.java
Address already in use: JVM_Bind
IOException en switch HybridServer.java
Address already in use: JVM_Bind
IOException en switch HybridServer.java
Address already in use: JVM_Bind
IOException en switch HybridServer.java
Address already in use: JVM_Bind
IOException en switch HybridServer.java
Address already in use: JVM_Bind
IOException en switch HybridServer.java
Address already in use: JVM_Bind
IOException en switch HybridServer.java
Address already in use: JVM_Bind
IOException en switch HybridServer.java
Address already in use: JVM_Bind
IOException en switch HybridServer.java
Address already in use: JVM_Bind
IOException en switch HybridServer.java
Address already in use: JVM_Bind
IOException en switch HybridServer.java
Address already in use: JVM_Bind
IOException en switch HybridServer.java
Address already in use: JVM_Bind
IOException en switch HybridServer.java
Address already in use: JVM_Bind
IOException en switch HybridServer.java
Address already in use: JVM_Bind
IOException en switch HybridServer.java
Address already in use: JVM_Bind
IOException en switch HybridServer.java
Address already in use: JVM_Bind
IOException en switch HybridServer.java
Address already in use: JVM_Bind
IOException en switch HybridServer.java
Address already in use: JVM_Bind
IOException en switch HybridServer.java
Address already in use: JVM_Bind
IOException en switch HybridServer.java
Address already in use: JVM_Bind
IOException en switch HybridServer.java
Address already in use: JVM_Bind
IOException en switch HybridServer.java
Address already in use: JVM_Bind
IOException en switch HybridServer.java
Address already in use: JVM_Bind
IOException en switch HybridServer.java
Address already in use: JVM_Bind
IOException en switch HybridServer.java
Address already in use: JVM_Bind
IOException en switch HybridServer.java
Address already in use: JVM_Bind
IOException en switch HybridServer.java
Address already in use: JVM_Bind
IOException en switch HybridServer.java
Address already in use: JVM_Bind
IOException en switch HybridServer.java
Address already in use: JVM_Bind
IOException en switch HybridServer.java
Address already in use: JVM_Bind
IOException en switch HybridServer.java
Address already in use: JVM_Bind
IOException en switch HybridServer.java
Address already in use: JVM_Bind
IOException en switch HybridServer.java
Address already in use: JVM_Bind
IOException en switch HybridServer.java
Address already in use: JVM_Bind
IOException en switch HybridServer.java
Address already in use: JVM_Bind
IOException en switch HybridServer.java
Address already in use: JVM_Bind
IOException en switch HybridServer.java
Address already in use: JVM_Bind
IOException en switch HybridServer.java
Address already in use: JVM_Bind
IOException en switch HybridServer.java
Address already in use: JVM_Bind
IOException en switch HybridServer.java
Address already in use: JVM_Bind
IOException en switch HybridServer.java
Address already in use: JVM_Bind
IOException en switch HybridServer.java
Address already in use: JVM_Bind
IOException en switch HybridServer.java
Address already in use: JVM_Bind
IOException en switch HybridServer.java
Address already in use: JVM_Bind
IOException en switch HybridServer.java
Address already in use: JVM_Bind
IOException en switch HybridServer.java
Address already in use: JVM_Bind
IOException en switch HybridServer.java
Address already in use: JVM_Bind
IOException en switch HybridServer.java
Address already in use: JVM_Bind
IOException en switch HybridServer.java
Address already in use: JVM_Bind
IOException en switch HybridServer.java
Address already in use: JVM_Bind
IOException en switch HybridServer.java
Address already in use: JVM_Bind
IOException en switch HybridServer.java
Address already in use: JVM_Bind
IOException en switch HybridServer.java
Address already in use: JVM_Bind
IOException en switch HybridServer.java
Address already in use: JVM_Bind
IOException en switch HybridServer.java
Address already in use: JVM_Bind
]]></system-err>
</testsuite>
