<?xml version="1.0" encoding="UTF-8" ?>
<testsuite errors="0" failures="0" hostname="Hollow_ITX" name="es.uvigo.esei.dai.hybridserver.HybridServerFirstReleaseTestSuite" skipped="0" tests="116" time="3.722" timestamp="2015-11-06T20:57:13">
  <properties>
[...]
</properties>
  <testcase classname="es.uvigo.esei.dai.hybridserver.week1.WelcomePageTest" name="testMultipleWelcome" time="0.497" />
  <testcase classname="es.uvigo.esei.dai.hybridserver.week1.WelcomePageTest" name="testWelcome" time="0.501" />
  <testcase classname="es.uvigo.esei.dai.hybridserver.week1.HTTPBadRequestsTest" name="test[Missing method]" time="0.001" />
  <testcase classname="es.uvigo.esei.dai.hybridserver.week1.HTTPBadRequestsTest" name="test[Missing resource]" time="0.0" />
  <testcase classname="es.uvigo.esei.dai.hybridserver.week1.HTTPBadRequestsTest" name="test[Missing version]" time="0.0" />
  <testcase classname="es.uvigo.esei.dai.hybridserver.week1.HTTPBadRequestsTest" name="test[Missing first line]" time="0.0" />
  <testcase classname="es.uvigo.esei.dai.hybridserver.week1.HTTPBadRequestsTest" name="test[Invalid header]" time="0.001" />
  <testcase classname="es.uvigo.esei.dai.hybridserver.week1.HTTPBadRequestsTest" name="test[Missing new line after header]" time="0.001" />
  <testcase classname="es.uvigo.esei.dai.hybridserver.week1.HTTPRequestGETRootTest" name="testGetResourceChain" time="0.0" />
  <testcase classname="es.uvigo.esei.dai.hybridserver.week1.HTTPRequestGETRootTest" name="testToString" time="0.0" />
  <testcase classname="es.uvigo.esei.dai.hybridserver.week1.HTTPRequestGETRootTest" name="testGetHttpVersion" time="0.001" />
  <testcase classname="es.uvigo.esei.dai.hybridserver.week1.HTTPRequestGETRootTest" name="testGetHeaderParameters" time="0.0" />
  <testcase classname="es.uvigo.esei.dai.hybridserver.week1.HTTPRequestGETRootTest" name="testGetResourceName" time="0.0" />
  <testcase classname="es.uvigo.esei.dai.hybridserver.week1.HTTPRequestGETRootTest" name="testGetResourcePath" time="0.001" />
  <testcase classname="es.uvigo.esei.dai.hybridserver.week1.HTTPRequestGETRootTest" name="testGetContent" time="0.001" />
  <testcase classname="es.uvigo.esei.dai.hybridserver.week1.HTTPRequestGETRootTest" name="testGetMethod" time="0.0" />
  <testcase classname="es.uvigo.esei.dai.hybridserver.week1.HTTPRequestGETRootTest" name="testGetContentLength" time="0.0" />
  <testcase classname="es.uvigo.esei.dai.hybridserver.week1.HTTPRequestGETRootTest" name="testGetResourceParameters" time="0.0" />
  <testcase classname="es.uvigo.esei.dai.hybridserver.week1.HTTPRequestGETResourceTest" name="testGetResourceChain" time="0.001" />
  <testcase classname="es.uvigo.esei.dai.hybridserver.week1.HTTPRequestGETResourceTest" name="testToString" time="0.001" />
  <testcase classname="es.uvigo.esei.dai.hybridserver.week1.HTTPRequestGETResourceTest" name="testGetHttpVersion" time="0.0" />
  <testcase classname="es.uvigo.esei.dai.hybridserver.week1.HTTPRequestGETResourceTest" name="testGetHeaderParameters" time="0.0" />
  <testcase classname="es.uvigo.esei.dai.hybridserver.week1.HTTPRequestGETResourceTest" name="testGetResourceName" time="0.001" />
  <testcase classname="es.uvigo.esei.dai.hybridserver.week1.HTTPRequestGETResourceTest" name="testGetResourcePath" time="0.0" />
  <testcase classname="es.uvigo.esei.dai.hybridserver.week1.HTTPRequestGETResourceTest" name="testGetContent" time="0.001" />
  <testcase classname="es.uvigo.esei.dai.hybridserver.week1.HTTPRequestGETResourceTest" name="testGetMethod" time="0.0" />
  <testcase classname="es.uvigo.esei.dai.hybridserver.week1.HTTPRequestGETResourceTest" name="testGetContentLength" time="0.001" />
  <testcase classname="es.uvigo.esei.dai.hybridserver.week1.HTTPRequestGETResourceTest" name="testGetResourceParameters" time="0.001" />
  <testcase classname="es.uvigo.esei.dai.hybridserver.week1.HTTPRequestGETResourcesTest" name="testGetResourceChain" time="0.0" />
  <testcase classname="es.uvigo.esei.dai.hybridserver.week1.HTTPRequestGETResourcesTest" name="testToString" time="0.0" />
  <testcase classname="es.uvigo.esei.dai.hybridserver.week1.HTTPRequestGETResourcesTest" name="testGetHttpVersion" time="0.0" />
  <testcase classname="es.uvigo.esei.dai.hybridserver.week1.HTTPRequestGETResourcesTest" name="testGetHeaderParameters" time="0.001" />
  <testcase classname="es.uvigo.esei.dai.hybridserver.week1.HTTPRequestGETResourcesTest" name="testGetResourceName" time="0.0" />
  <testcase classname="es.uvigo.esei.dai.hybridserver.week1.HTTPRequestGETResourcesTest" name="testGetResourcePath" time="0.001" />
  <testcase classname="es.uvigo.esei.dai.hybridserver.week1.HTTPRequestGETResourcesTest" name="testGetContent" time="0.001" />
  <testcase classname="es.uvigo.esei.dai.hybridserver.week1.HTTPRequestGETResourcesTest" name="testGetMethod" time="0.0" />
  <testcase classname="es.uvigo.esei.dai.hybridserver.week1.HTTPRequestGETResourcesTest" name="testGetContentLength" time="0.0" />
  <testcase classname="es.uvigo.esei.dai.hybridserver.week1.HTTPRequestGETResourcesTest" name="testGetResourceParameters" time="0.0" />
  <testcase classname="es.uvigo.esei.dai.hybridserver.week1.HTTPRequestGETParametersTest" name="testGetResourceChain" time="0.001" />
  <testcase classname="es.uvigo.esei.dai.hybridserver.week1.HTTPRequestGETParametersTest" name="testToString" time="0.0" />
  <testcase classname="es.uvigo.esei.dai.hybridserver.week1.HTTPRequestGETParametersTest" name="testGetHttpVersion" time="0.0" />
  <testcase classname="es.uvigo.esei.dai.hybridserver.week1.HTTPRequestGETParametersTest" name="testGetHeaderParameters" time="0.0" />
  <testcase classname="es.uvigo.esei.dai.hybridserver.week1.HTTPRequestGETParametersTest" name="testGetResourceName" time="0.0" />
  <testcase classname="es.uvigo.esei.dai.hybridserver.week1.HTTPRequestGETParametersTest" name="testGetResourcePath" time="0.0" />
  <testcase classname="es.uvigo.esei.dai.hybridserver.week1.HTTPRequestGETParametersTest" name="testGetContent" time="0.0" />
  <testcase classname="es.uvigo.esei.dai.hybridserver.week1.HTTPRequestGETParametersTest" name="testGetMethod" time="0.0" />
  <testcase classname="es.uvigo.esei.dai.hybridserver.week1.HTTPRequestGETParametersTest" name="testGetContentLength" time="0.0" />
  <testcase classname="es.uvigo.esei.dai.hybridserver.week1.HTTPRequestGETParametersTest" name="testGetResourceParameters" time="0.001" />
  <testcase classname="es.uvigo.esei.dai.hybridserver.week1.HTTPRequestPOSTOneParameterTest" name="testGetResourceChain" time="0.0" />
  <testcase classname="es.uvigo.esei.dai.hybridserver.week1.HTTPRequestPOSTOneParameterTest" name="testToString" time="0.001" />
  <testcase classname="es.uvigo.esei.dai.hybridserver.week1.HTTPRequestPOSTOneParameterTest" name="testGetHttpVersion" time="0.0" />
  <testcase classname="es.uvigo.esei.dai.hybridserver.week1.HTTPRequestPOSTOneParameterTest" name="testGetHeaderParameters" time="0.0" />
  <testcase classname="es.uvigo.esei.dai.hybridserver.week1.HTTPRequestPOSTOneParameterTest" name="testGetResourceName" time="0.001" />
  <testcase classname="es.uvigo.esei.dai.hybridserver.week1.HTTPRequestPOSTOneParameterTest" name="testGetResourcePath" time="0.0" />
  <testcase classname="es.uvigo.esei.dai.hybridserver.week1.HTTPRequestPOSTOneParameterTest" name="testGetContent" time="0.0" />
  <testcase classname="es.uvigo.esei.dai.hybridserver.week1.HTTPRequestPOSTOneParameterTest" name="testGetMethod" time="0.0" />
  <testcase classname="es.uvigo.esei.dai.hybridserver.week1.HTTPRequestPOSTOneParameterTest" name="testGetContentLength" time="0.0" />
  <testcase classname="es.uvigo.esei.dai.hybridserver.week1.HTTPRequestPOSTOneParameterTest" name="testGetResourceParameters" time="0.0" />
  <testcase classname="es.uvigo.esei.dai.hybridserver.week1.HTTPRequestPOSTMultipleParametersTest" name="testGetResourceChain" time="0.001" />
  <testcase classname="es.uvigo.esei.dai.hybridserver.week1.HTTPRequestPOSTMultipleParametersTest" name="testToString" time="0.0" />
  <testcase classname="es.uvigo.esei.dai.hybridserver.week1.HTTPRequestPOSTMultipleParametersTest" name="testGetHttpVersion" time="0.0" />
  <testcase classname="es.uvigo.esei.dai.hybridserver.week1.HTTPRequestPOSTMultipleParametersTest" name="testGetHeaderParameters" time="0.0" />
  <testcase classname="es.uvigo.esei.dai.hybridserver.week1.HTTPRequestPOSTMultipleParametersTest" name="testGetResourceName" time="0.0" />
  <testcase classname="es.uvigo.esei.dai.hybridserver.week1.HTTPRequestPOSTMultipleParametersTest" name="testGetResourcePath" time="0.0" />
  <testcase classname="es.uvigo.esei.dai.hybridserver.week1.HTTPRequestPOSTMultipleParametersTest" name="testGetContent" time="0.001" />
  <testcase classname="es.uvigo.esei.dai.hybridserver.week1.HTTPRequestPOSTMultipleParametersTest" name="testGetMethod" time="0.0" />
  <testcase classname="es.uvigo.esei.dai.hybridserver.week1.HTTPRequestPOSTMultipleParametersTest" name="testGetContentLength" time="0.0" />
  <testcase classname="es.uvigo.esei.dai.hybridserver.week1.HTTPRequestPOSTMultipleParametersTest" name="testGetResourceParameters" time="0.0" />
  <testcase classname="es.uvigo.esei.dai.hybridserver.week1.HTTPRequestPOSTEncodedTest" name="testGetResourceChain" time="0.001" />
  <testcase classname="es.uvigo.esei.dai.hybridserver.week1.HTTPRequestPOSTEncodedTest" name="testToString" time="0.0" />
  <testcase classname="es.uvigo.esei.dai.hybridserver.week1.HTTPRequestPOSTEncodedTest" name="testGetHttpVersion" time="0.0" />
  <testcase classname="es.uvigo.esei.dai.hybridserver.week1.HTTPRequestPOSTEncodedTest" name="testGetHeaderParameters" time="0.0" />
  <testcase classname="es.uvigo.esei.dai.hybridserver.week1.HTTPRequestPOSTEncodedTest" name="testGetResourceName" time="0.001" />
  <testcase classname="es.uvigo.esei.dai.hybridserver.week1.HTTPRequestPOSTEncodedTest" name="testGetResourcePath" time="0.0" />
  <testcase classname="es.uvigo.esei.dai.hybridserver.week1.HTTPRequestPOSTEncodedTest" name="testGetContent" time="0.0" />
  <testcase classname="es.uvigo.esei.dai.hybridserver.week1.HTTPRequestPOSTEncodedTest" name="testGetMethod" time="0.0" />
  <testcase classname="es.uvigo.esei.dai.hybridserver.week1.HTTPRequestPOSTEncodedTest" name="testGetContentLength" time="0.0" />
  <testcase classname="es.uvigo.esei.dai.hybridserver.week1.HTTPRequestPOSTEncodedTest" name="testGetResourceParameters" time="0.0" />
  <testcase classname="es.uvigo.esei.dai.hybridserver.week1.HTTPResponseNoContentTest" name="testPrint" time="0.001" />
  <testcase classname="es.uvigo.esei.dai.hybridserver.week1.HTTPResponseNoContentWithHeadersTest" name="testPrint" time="0.001" />
  <testcase classname="es.uvigo.esei.dai.hybridserver.week1.HTTPResponseTest" name="testPrint" time="0.0" />
  <testcase classname="es.uvigo.esei.dai.hybridserver.week1.HTTPResponseWithHeadersTest" name="testPrint" time="0.0" />
  <testcase classname="es.uvigo.esei.dai.hybridserver.week2.ClientRequetsTest" name="testPostInvalidContent" time="0.009" />
  <testcase classname="es.uvigo.esei.dai.hybridserver.week2.ClientRequetsTest" name="testPost" time="0.007" />
  <testcase classname="es.uvigo.esei.dai.hybridserver.week2.ClientRequetsTest" name="testGetInvalidResource" time="0.004" />
  <testcase classname="es.uvigo.esei.dai.hybridserver.week2.ClientRequetsTest" name="testGetInvalidHtmlPage" time="0.004" />
  <testcase classname="es.uvigo.esei.dai.hybridserver.week2.ClientRequetsTest" name="testGetHtmlList" time="0.004" />
  <testcase classname="es.uvigo.esei.dai.hybridserver.week2.ClientRequetsTest" name="testGetHtmlPage" time="0.021" />
  <testcase classname="es.uvigo.esei.dai.hybridserver.week2.ClientRequetsTest" name="testDelete" time="0.005" />
  <testcase classname="es.uvigo.esei.dai.hybridserver.week2.ClientRequetsTest" name="testDeleteNonexistentPage" time="0.004" />
  <testcase classname="es.uvigo.esei.dai.hybridserver.week3.CustomPortTest" name="testMultipleWelcome[0]" time="0.364" />
  <testcase classname="es.uvigo.esei.dai.hybridserver.week3.CustomPortTest" name="testWelcome[0]" time="0.011" />
  <testcase classname="es.uvigo.esei.dai.hybridserver.week3.CustomPortTest" name="testMultipleWelcome[1]" time="0.101" />
  <testcase classname="es.uvigo.esei.dai.hybridserver.week3.CustomPortTest" name="testWelcome[1]" time="0.012" />
  <testcase classname="es.uvigo.esei.dai.hybridserver.week3.CustomPortTest" name="testMultipleWelcome[2]" time="0.201" />
  <testcase classname="es.uvigo.esei.dai.hybridserver.week3.CustomPortTest" name="testWelcome[2]" time="0.02" />
  <testcase classname="es.uvigo.esei.dai.hybridserver.week3.CustomPortTest" name="testMultipleWelcome[3]" time="0.658" />
  <testcase classname="es.uvigo.esei.dai.hybridserver.week3.CustomPortTest" name="testWelcome[3]" time="0.014" />
  <testcase classname="es.uvigo.esei.dai.hybridserver.week3.CustomPortTest" name="testMultipleWelcome[4]" time="0.097" />
  <testcase classname="es.uvigo.esei.dai.hybridserver.week3.CustomPortTest" name="testWelcome[4]" time="0.01" />
  <testcase classname="es.uvigo.esei.dai.hybridserver.week3.CustomPortTest" name="testMultipleWelcome[5]" time="0.084" />
  <testcase classname="es.uvigo.esei.dai.hybridserver.week3.CustomPortTest" name="testWelcome[5]" time="0.009" />
  <testcase classname="es.uvigo.esei.dai.hybridserver.week3.CustomPortTest" name="testMultipleWelcome[6]" time="0.08" />
  <testcase classname="es.uvigo.esei.dai.hybridserver.week3.CustomPortTest" name="testWelcome[6]" time="0.009" />
  <testcase classname="es.uvigo.esei.dai.hybridserver.week3.CustomPortTest" name="testMultipleWelcome[7]" time="0.083" />
  <testcase classname="es.uvigo.esei.dai.hybridserver.week3.CustomPortTest" name="testWelcome[7]" time="0.011" />
  <testcase classname="es.uvigo.esei.dai.hybridserver.week3.CustomPortTest" name="testMultipleWelcome[8]" time="0.079" />
  <testcase classname="es.uvigo.esei.dai.hybridserver.week3.CustomPortTest" name="testWelcome[8]" time="0.011" />
  <testcase classname="es.uvigo.esei.dai.hybridserver.week3.CustomPortTest" name="testMultipleWelcome[9]" time="0.078" />
  <testcase classname="es.uvigo.esei.dai.hybridserver.week3.CustomPortTest" name="testWelcome[9]" time="0.009" />
  <testcase classname="es.uvigo.esei.dai.hybridserver.week3.ClientRequestsWithDatabaseTest" name="testPostInvalidContent" time="0.154" />
  <testcase classname="es.uvigo.esei.dai.hybridserver.week3.ClientRequestsWithDatabaseTest" name="testPost" time="0.101" />
  <testcase classname="es.uvigo.esei.dai.hybridserver.week3.ClientRequestsWithDatabaseTest" name="testGetInvalidHtmlPage" time="0.054" />
  <testcase classname="es.uvigo.esei.dai.hybridserver.week3.ClientRequestsWithDatabaseTest" name="testGetHtmlList" time="0.057" />
  <testcase classname="es.uvigo.esei.dai.hybridserver.week3.ClientRequestsWithDatabaseTest" name="testDelete" time="0.066" />
  <testcase classname="es.uvigo.esei.dai.hybridserver.week3.ClientRequestsWithDatabaseTest" name="testDeleteNonexistentPage" time="0.055" />
  <system-out><![CDATA[Hilo servidor iniciado
Pool inicializada
Hilo de servicio iniciado. Modo sin DB
Hilo de servicio iniciado. Modo sin DB
Hilo de servicio iniciado. Modo sin DB
Hilo de servicio iniciado. Modo sin DB
Hilo de servicio iniciado. Modo sin DB
Hilo de servicio iniciado. Modo sin DB
Hilo de servicio iniciado. Modo sin DB
Hilo de servicio iniciado. Modo sin DB
Hilo de servicio iniciado. Modo sin DB
Hilo de servicio iniciado. Modo sin DB
Hilo servidor iniciado
Pool inicializada
Hilo de servicio iniciado. Modo sin DB
Hilo servidor iniciado
Pool inicializada
Hilo de servicio iniciado. Modo sin DB
Hilo servidor iniciado
Pool inicializada
Hilo de servicio iniciado. Modo sin DB
Metiendo post
Hilo de servicio iniciado. Modo sin DB
Tiene UUID seteado
UUID encontrado
Hilo servidor iniciado
Pool inicializada
Hilo de servicio iniciado. Modo sin DB
Hilo servidor iniciado
Pool inicializada
Hilo de servicio iniciado. Modo sin DB
Tiene UUID seteado
Hilo servidor iniciado
Pool inicializada
Hilo de servicio iniciado. Modo sin DB
Sirviendo indice
Hilo servidor iniciado
Pool inicializada
Hilo de servicio iniciado. Modo sin DB
Tiene UUID seteado
UUID encontrado
Hilo de servicio iniciado. Modo sin DB
Tiene UUID seteado
UUID encontrado
Hilo de servicio iniciado. Modo sin DB
Tiene UUID seteado
UUID encontrado
Hilo de servicio iniciado. Modo sin DB
Tiene UUID seteado
UUID encontrado
Hilo de servicio iniciado. Modo sin DB
Tiene UUID seteado
UUID encontrado
Hilo de servicio iniciado. Modo sin DB
Tiene UUID seteado
UUID encontrado
Hilo de servicio iniciado. Modo sin DB
Tiene UUID seteado
UUID encontrado
Hilo de servicio iniciado. Modo sin DB
Tiene UUID seteado
UUID encontrado
Hilo de servicio iniciado. Modo sin DB
Tiene UUID seteado
UUID encontrado
Hilo de servicio iniciado. Modo sin DB
Tiene UUID seteado
UUID encontrado
Hilo servidor iniciado
Pool inicializada
Hilo de servicio iniciado. Modo sin DB
Hilo de servicio iniciado. Modo sin DB
Tiene UUID seteado
Hilo servidor iniciado
Pool inicializada
Hilo de servicio iniciado. Modo sin DB
Hilo servidor iniciado
Pool inicializada
Hilo de servicio iniciado. Modo con DB
Hilo de servicio iniciado. Modo con DB
Hilo de servicio iniciado. Modo con DB
Hilo de servicio iniciado. Modo con DB
Hilo de servicio iniciado. Modo con DB
Hilo de servicio iniciado. Modo con DB
Hilo de servicio iniciado. Modo con DB
Hilo de servicio iniciado. Modo con DB
Hilo de servicio iniciado. Modo con DB
Hilo de servicio iniciado. Modo con DB
Hilo servidor iniciado
Pool inicializada
Hilo de servicio iniciado. Modo con DB
Hilo servidor iniciado
Pool inicializada
Hilo de servicio iniciado. Modo con DB
Hilo de servicio iniciado. Modo con DB
Hilo de servicio iniciado. Modo con DB
Hilo de servicio iniciado. Modo con DB
Hilo de servicio iniciado. Modo con DB
Hilo de servicio iniciado. Modo con DB
Hilo de servicio iniciado. Modo con DB
Hilo de servicio iniciado. Modo con DB
Hilo de servicio iniciado. Modo con DB
Hilo de servicio iniciado. Modo con DB
Hilo servidor iniciado
Pool inicializada
Hilo de servicio iniciado. Modo con DB
Hilo servidor iniciado
Pool inicializada
Hilo de servicio iniciado. Modo con DB
Hilo de servicio iniciado. Modo con DB
Hilo de servicio iniciado. Modo con DB
Hilo de servicio iniciado. Modo con DB
Hilo de servicio iniciado. Modo con DB
Hilo de servicio iniciado. Modo con DB
Hilo de servicio iniciado. Modo con DB
Hilo de servicio iniciado. Modo con DB
Hilo de servicio iniciado. Modo con DB
Hilo de servicio iniciado. Modo con DB
Hilo servidor iniciado
Pool inicializada
Hilo de servicio iniciado. Modo con DB
Hilo servidor iniciado
Pool inicializada
Hilo de servicio iniciado. Modo con DB
Hilo de servicio iniciado. Modo con DB
Hilo de servicio iniciado. Modo con DB
Hilo de servicio iniciado. Modo con DB
Hilo de servicio iniciado. Modo con DB
Hilo de servicio iniciado. Modo con DB
Hilo de servicio iniciado. Modo con DB
Hilo de servicio iniciado. Modo con DB
Hilo de servicio iniciado. Modo con DB
Hilo de servicio iniciado. Modo con DB
Hilo servidor iniciado
Pool inicializada
Hilo de servicio iniciado. Modo con DB
Hilo servidor iniciado
Pool inicializada
Hilo de servicio iniciado. Modo con DB
Hilo de servicio iniciado. Modo con DB
Hilo de servicio iniciado. Modo con DB
Hilo de servicio iniciado. Modo con DB
Hilo de servicio iniciado. Modo con DB
Hilo de servicio iniciado. Modo con DB
Hilo de servicio iniciado. Modo con DB
Hilo de servicio iniciado. Modo con DB
Hilo de servicio iniciado. Modo con DB
Hilo de servicio iniciado. Modo con DB
Hilo servidor iniciado
Pool inicializada
Hilo de servicio iniciado. Modo con DB
Hilo servidor iniciado
Pool inicializada
Hilo de servicio iniciado. Modo con DB
Hilo de servicio iniciado. Modo con DB
Hilo de servicio iniciado. Modo con DB
Hilo de servicio iniciado. Modo con DB
Hilo de servicio iniciado. Modo con DB
Hilo de servicio iniciado. Modo con DB
Hilo de servicio iniciado. Modo con DB
Hilo de servicio iniciado. Modo con DB
Hilo de servicio iniciado. Modo con DB
Hilo de servicio iniciado. Modo con DB
Hilo servidor iniciado
Pool inicializada
Hilo de servicio iniciado. Modo con DB
Hilo servidor iniciado
Pool inicializada
Hilo de servicio iniciado. Modo con DB
Hilo de servicio iniciado. Modo con DB
Hilo de servicio iniciado. Modo con DB
Hilo de servicio iniciado. Modo con DB
Hilo de servicio iniciado. Modo con DB
Hilo de servicio iniciado. Modo con DB
Hilo de servicio iniciado. Modo con DB
Hilo de servicio iniciado. Modo con DB
Hilo de servicio iniciado. Modo con DB
Hilo de servicio iniciado. Modo con DB
Hilo servidor iniciado
Pool inicializada
Hilo de servicio iniciado. Modo con DB
Hilo servidor iniciado
Pool inicializada
Hilo de servicio iniciado. Modo con DB
Hilo de servicio iniciado. Modo con DB
Hilo de servicio iniciado. Modo con DB
Hilo de servicio iniciado. Modo con DB
Hilo de servicio iniciado. Modo con DB
Hilo de servicio iniciado. Modo con DB
Hilo de servicio iniciado. Modo con DB
Hilo de servicio iniciado. Modo con DB
Hilo de servicio iniciado. Modo con DB
Hilo de servicio iniciado. Modo con DB
Hilo servidor iniciado
Pool inicializada
Hilo de servicio iniciado. Modo con DB
Hilo servidor iniciado
Pool inicializada
Hilo de servicio iniciado. Modo con DB
Hilo de servicio iniciado. Modo con DB
Hilo de servicio iniciado. Modo con DB
Hilo de servicio iniciado. Modo con DB
Hilo de servicio iniciado. Modo con DB
Hilo de servicio iniciado. Modo con DB
Hilo de servicio iniciado. Modo con DB
Hilo de servicio iniciado. Modo con DB
Hilo de servicio iniciado. Modo con DB
Hilo de servicio iniciado. Modo con DB
Hilo servidor iniciado
Pool inicializada
Hilo de servicio iniciado. Modo con DB
Hilo servidor iniciado
Pool inicializada
Hilo de servicio iniciado. Modo con DB
Hilo de servicio iniciado. Modo con DB
Hilo de servicio iniciado. Modo con DB
Hilo de servicio iniciado. Modo con DB
Hilo de servicio iniciado. Modo con DB
Hilo de servicio iniciado. Modo con DB
Hilo de servicio iniciado. Modo con DB
Hilo de servicio iniciado. Modo con DB
Hilo de servicio iniciado. Modo con DB
Hilo de servicio iniciado. Modo con DB
Hilo servidor iniciado
Pool inicializada
Hilo de servicio iniciado. Modo con DB
Hilo servidor iniciado
Pool inicializada
Hilo de servicio iniciado. Modo con DB
Hilo servidor iniciado
Pool inicializada
Hilo de servicio iniciado. Modo con DB
Metiendo post
Metido post
Hilo de servicio iniciado. Modo con DB
Hilo servidor iniciado
Pool inicializada
Hilo de servicio iniciado. Modo con DB
Hilo servidor iniciado
Pool inicializada
Hilo de servicio iniciado. Modo con DB
Hilo servidor iniciado
Pool inicializada
Hilo de servicio iniciado. Modo con DB
Hilo de servicio iniciado. Modo con DB
Hilo servidor iniciado
Pool inicializada
Hilo de servicio iniciado. Modo con DB
]]></system-out>
  <system-err><![CDATA[Error 400
Error 404
Error 404
nov 06, 2015 9:57:16 PM org.apache.http.impl.execchain.RetryExec execute
INFORMACIÓN: I/O exception (java.net.SocketException) caught when processing request to {}->http://localhost:10201: Software caused connection abort: recv failed
nov 06, 2015 9:57:16 PM org.apache.http.impl.execchain.RetryExec execute
INFORMACIÓN: Retrying request to {}->http://localhost:10201
[main] WARN org.dbunit.dataset.AbstractTableMetaData - Potential problem found: The configured data type factory 'class org.dbunit.dataset.datatype.DefaultDataTypeFactory' might cause problems with the current database 'MySQL' (e.g. some datatypes may not be supported properly). In rare cases you might see this message because the list of supported database products is incomplete (list=[derby]). If so please request a java-class update via the forums.If you are using your own IDataTypeFactory extending DefaultDataTypeFactory, ensure that you override getValidDbProducts() to specify the supported database products.
[main] WARN org.dbunit.dataset.AbstractTableMetaData - Potential problem found: The configured data type factory 'class org.dbunit.dataset.datatype.DefaultDataTypeFactory' might cause problems with the current database 'MySQL' (e.g. some datatypes may not be supported properly). In rare cases you might see this message because the list of supported database products is incomplete (list=[derby]). If so please request a java-class update via the forums.If you are using your own IDataTypeFactory extending DefaultDataTypeFactory, ensure that you override getValidDbProducts() to specify the supported database products.
nov 06, 2015 9:57:16 PM org.apache.http.impl.execchain.RetryExec execute
INFORMACIÓN: I/O exception (org.apache.http.NoHttpResponseException) caught when processing request to {}->http://localhost:8888: The target server failed to respond
nov 06, 2015 9:57:16 PM org.apache.http.impl.execchain.RetryExec execute
INFORMACIÓN: Retrying request to {}->http://localhost:8888
[main] WARN org.dbunit.dataset.AbstractTableMetaData - Potential problem found: The configured data type factory 'class org.dbunit.dataset.datatype.DefaultDataTypeFactory' might cause problems with the current database 'MySQL' (e.g. some datatypes may not be supported properly). In rare cases you might see this message because the list of supported database products is incomplete (list=[derby]). If so please request a java-class update via the forums.If you are using your own IDataTypeFactory extending DefaultDataTypeFactory, ensure that you override getValidDbProducts() to specify the supported database products.
Error 404
[main] WARN org.dbunit.dataset.AbstractTableMetaData - Potential problem found: The configured data type factory 'class org.dbunit.dataset.datatype.DefaultDataTypeFactory' might cause problems with the current database 'MySQL' (e.g. some datatypes may not be supported properly). In rare cases you might see this message because the list of supported database products is incomplete (list=[derby]). If so please request a java-class update via the forums.If you are using your own IDataTypeFactory extending DefaultDataTypeFactory, ensure that you override getValidDbProducts() to specify the supported database products.
[main] WARN org.dbunit.dataset.AbstractTableMetaData - Potential problem found: The configured data type factory 'class org.dbunit.dataset.datatype.DefaultDataTypeFactory' might cause problems with the current database 'MySQL' (e.g. some datatypes may not be supported properly). In rare cases you might see this message because the list of supported database products is incomplete (list=[derby]). If so please request a java-class update via the forums.If you are using your own IDataTypeFactory extending DefaultDataTypeFactory, ensure that you override getValidDbProducts() to specify the supported database products.
Error 404
[main] WARN org.dbunit.dataset.AbstractTableMetaData - Potential problem found: The configured data type factory 'class org.dbunit.dataset.datatype.DefaultDataTypeFactory' might cause problems with the current database 'MySQL' (e.g. some datatypes may not be supported properly). In rare cases you might see this message because the list of supported database products is incomplete (list=[derby]). If so please request a java-class update via the forums.If you are using your own IDataTypeFactory extending DefaultDataTypeFactory, ensure that you override getValidDbProducts() to specify the supported database products.
]]></system-err>
</testsuite>
